2021-01-03 10:30:18.423 [restartedMain] WARN  com.netflix.config.sources.URLConfigurationSource - No URLs will be polled as dynamic configuration sources.
2021-01-03 10:30:18.430 [restartedMain] WARN  com.netflix.config.sources.URLConfigurationSource - No URLs will be polled as dynamic configuration sources.
2021-01-03 10:31:39.703 [http-nio-8011-exec-9] WARN  o.s.w.s.m.m.a.ExceptionHandlerExceptionResolver - Resolved [org.springframework.dao.DuplicateKeyException: 
### Error updating database.  Cause: java.sql.SQLIntegrityConstraintViolationException: Duplicate entry '2021010310313938' for key 'PRIMARY'
### The error may involve top.weidaboy.servicemain.mapper.TempMapper.insert-Inline
### The error occurred while setting parameters
### SQL: INSERT INTO temp  ( id, collegeid, majorid, classid, userid, name, temp,   gmt_create, gmt_modified, gmt_tempend )  VALUES  ( ?, ?, ?, ?, ?, ?, ?,   ?, ?, ? )
### Cause: java.sql.SQLIntegrityConstraintViolationException: Duplicate entry '2021010310313938' for key 'PRIMARY'
; Duplicate entry '2021010310313938' for key 'PRIMARY'; nested exception is java.sql.SQLIntegrityConstraintViolationException: Duplicate entry '2021010310313938' for key 'PRIMARY']
2021-01-03 10:31:42.144 [http-nio-8011-exec-3] WARN  o.s.w.s.m.m.a.ExceptionHandlerExceptionResolver - Resolved [org.springframework.dao.DuplicateKeyException: 
### Error updating database.  Cause: java.sql.SQLIntegrityConstraintViolationException: Duplicate entry '2021010310314257' for key 'PRIMARY'
### The error may involve top.weidaboy.servicemain.mapper.TempMapper.insert-Inline
### The error occurred while setting parameters
### SQL: INSERT INTO temp  ( id, collegeid, majorid, classid, userid, name, temp,   gmt_create, gmt_modified, gmt_tempend )  VALUES  ( ?, ?, ?, ?, ?, ?, ?,   ?, ?, ? )
### Cause: java.sql.SQLIntegrityConstraintViolationException: Duplicate entry '2021010310314257' for key 'PRIMARY'
; Duplicate entry '2021010310314257' for key 'PRIMARY'; nested exception is java.sql.SQLIntegrityConstraintViolationException: Duplicate entry '2021010310314257' for key 'PRIMARY']
2021-01-03 10:59:09.236 [restartedMain] WARN  com.netflix.config.sources.URLConfigurationSource - No URLs will be polled as dynamic configuration sources.
2021-01-03 10:59:09.240 [restartedMain] WARN  com.netflix.config.sources.URLConfigurationSource - No URLs will be polled as dynamic configuration sources.
2021-01-03 10:59:58.796 [http-nio-8011-exec-2] WARN  o.s.w.s.m.m.a.ExceptionHandlerExceptionResolver - Resolved [org.mybatis.spring.MyBatisSystemException: nested exception is org.apache.ibatis.exceptions.PersistenceException: 
### Error querying database.  Cause: com.baomidou.mybatisplus.core.exceptions.MybatisPlusException: Error: Method queryTotal execution error.
### The error may exist in file [D:\ADaDemo\graduation\service\service_main\target\classes\top\weidaboy\servicemain\mapper\xml\TempMapper.xml]
### The error may involve defaultParameterMap
### The error occurred while setting parameters
### Cause: com.baomidou.mybatisplus.core.exceptions.MybatisPlusException: Error: Method queryTotal execution error.]
2021-01-03 11:00:05.546 [http-nio-8011-exec-6] WARN  o.s.w.s.m.m.a.ExceptionHandlerExceptionResolver - Resolved [org.mybatis.spring.MyBatisSystemException: nested exception is org.apache.ibatis.exceptions.PersistenceException: 
### Error querying database.  Cause: com.baomidou.mybatisplus.core.exceptions.MybatisPlusException: Error: Method queryTotal execution error.
### The error may exist in file [D:\ADaDemo\graduation\service\service_main\target\classes\top\weidaboy\servicemain\mapper\xml\TempMapper.xml]
### The error may involve defaultParameterMap
### The error occurred while setting parameters
### Cause: com.baomidou.mybatisplus.core.exceptions.MybatisPlusException: Error: Method queryTotal execution error.]
2021-01-03 11:02:16.293 [restartedMain] WARN  com.netflix.config.sources.URLConfigurationSource - No URLs will be polled as dynamic configuration sources.
2021-01-03 11:02:16.297 [restartedMain] WARN  com.netflix.config.sources.URLConfigurationSource - No URLs will be polled as dynamic configuration sources.
2021-01-03 11:23:43.444 [restartedMain] WARN  com.netflix.config.sources.URLConfigurationSource - No URLs will be polled as dynamic configuration sources.
2021-01-03 11:23:43.448 [restartedMain] WARN  com.netflix.config.sources.URLConfigurationSource - No URLs will be polled as dynamic configuration sources.
2021-01-03 11:26:10.981 [restartedMain] WARN  com.netflix.config.sources.URLConfigurationSource - No URLs will be polled as dynamic configuration sources.
2021-01-03 11:26:10.985 [restartedMain] WARN  com.netflix.config.sources.URLConfigurationSource - No URLs will be polled as dynamic configuration sources.
2021-01-03 11:31:05.127 [restartedMain] WARN  com.netflix.config.sources.URLConfigurationSource - No URLs will be polled as dynamic configuration sources.
2021-01-03 11:31:05.132 [restartedMain] WARN  com.netflix.config.sources.URLConfigurationSource - No URLs will be polled as dynamic configuration sources.
2021-01-03 11:43:14.180 [http-nio-8011-exec-3] WARN  o.s.w.s.m.m.a.ExceptionHandlerExceptionResolver - Resolved [com.netflix.hystrix.exception.HystrixRuntimeException: MSMClient#sendAsyncEmail(String,String,String) failed and no fallback available.]
2021-01-03 14:40:49.704 [restartedMain] WARN  com.netflix.config.sources.URLConfigurationSource - No URLs will be polled as dynamic configuration sources.
2021-01-03 14:40:49.708 [restartedMain] WARN  com.netflix.config.sources.URLConfigurationSource - No URLs will be polled as dynamic configuration sources.
2021-01-03 15:07:40.125 [restartedMain] WARN  com.netflix.config.sources.URLConfigurationSource - No URLs will be polled as dynamic configuration sources.
2021-01-03 15:07:40.132 [restartedMain] WARN  com.netflix.config.sources.URLConfigurationSource - No URLs will be polled as dynamic configuration sources.
2021-01-03 15:07:42.312 [restartedMain] WARN  com.netflix.config.sources.URLConfigurationSource - No URLs will be polled as dynamic configuration sources.
2021-01-03 15:07:42.317 [restartedMain] WARN  com.netflix.config.sources.URLConfigurationSource - No URLs will be polled as dynamic configuration sources.
2021-01-03 15:07:42.574 [restartedMain] WARN  o.s.b.d.autoconfigure.OptionalLiveReloadServer - Unable to start LiveReload server
2021-01-03 15:57:38.829 [restartedMain] WARN  com.netflix.config.sources.URLConfigurationSource - No URLs will be polled as dynamic configuration sources.
2021-01-03 15:57:38.832 [restartedMain] WARN  com.netflix.config.sources.URLConfigurationSource - No URLs will be polled as dynamic configuration sources.
2021-01-03 16:15:59.869 [http-nio-8011-exec-6] WARN  o.s.w.s.m.m.a.ExceptionHandlerExceptionResolver - Resolved [java.lang.NullPointerException]
2021-01-03 16:18:32.597 [http-nio-8011-exec-8] WARN  o.s.w.s.m.m.a.ExceptionHandlerExceptionResolver - Resolved [java.lang.NullPointerException]
2021-01-03 16:19:58.877 [http-nio-8011-exec-5] WARN  o.s.w.s.m.m.a.ExceptionHandlerExceptionResolver - Resolved [java.lang.NullPointerException]
2021-01-03 16:20:26.915 [http-nio-8011-exec-10] WARN  o.s.w.s.m.m.a.ExceptionHandlerExceptionResolver - Resolved [java.lang.NullPointerException]
2021-01-03 16:20:41.679 [http-nio-8011-exec-4] WARN  o.s.w.s.m.m.a.ExceptionHandlerExceptionResolver - Resolved [java.lang.NullPointerException]
2021-01-03 16:27:38.269 [http-nio-8011-exec-3] WARN  o.s.w.s.m.m.a.ExceptionHandlerExceptionResolver - Resolved [java.lang.NullPointerException]
2021-01-03 16:28:04.286 [http-nio-8011-exec-7] WARN  o.s.w.s.m.m.a.ExceptionHandlerExceptionResolver - Resolved [java.lang.NullPointerException]
2021-01-03 16:29:37.198 [http-nio-8011-exec-7] WARN  o.s.w.s.m.m.a.ExceptionHandlerExceptionResolver - Resolved [java.lang.NullPointerException]
2021-01-03 16:30:09.176 [http-nio-8011-exec-1] WARN  o.s.w.s.m.m.a.ExceptionHandlerExceptionResolver - Resolved [java.lang.NullPointerException]
2021-01-03 16:30:40.787 [http-nio-8011-exec-5] WARN  o.s.w.s.m.m.a.ExceptionHandlerExceptionResolver - Resolved [java.lang.NullPointerException]
2021-01-03 16:30:45.413 [http-nio-8011-exec-9] WARN  o.s.w.s.m.m.a.ExceptionHandlerExceptionResolver - Resolved [org.springframework.web.HttpRequestMethodNotSupportedException: Request method 'GET' not supported]
2021-01-03 16:33:43.982 [restartedMain] WARN  com.netflix.config.sources.URLConfigurationSource - No URLs will be polled as dynamic configuration sources.
2021-01-03 16:33:43.988 [restartedMain] WARN  com.netflix.config.sources.URLConfigurationSource - No URLs will be polled as dynamic configuration sources.
2021-01-03 16:37:26.114 [http-nio-8011-exec-2] WARN  o.s.w.s.m.m.a.ExceptionHandlerExceptionResolver - Resolved [java.lang.NullPointerException]
2021-01-03 17:20:18.093 [restartedMain] WARN  com.netflix.config.sources.URLConfigurationSource - No URLs will be polled as dynamic configuration sources.
2021-01-03 17:20:18.099 [restartedMain] WARN  com.netflix.config.sources.URLConfigurationSource - No URLs will be polled as dynamic configuration sources.
2021-01-03 17:20:18.308 [restartedMain] WARN  o.s.b.d.autoconfigure.OptionalLiveReloadServer - Unable to start LiveReload server
2021-01-03 17:27:32.299 [http-nio-8011-exec-2] WARN  o.s.w.s.m.m.a.ExceptionHandlerExceptionResolver - Resolved [java.lang.NullPointerException]
2021-01-03 17:28:22.496 [restartedMain] WARN  com.netflix.config.sources.URLConfigurationSource - No URLs will be polled as dynamic configuration sources.
2021-01-03 17:28:22.500 [restartedMain] WARN  com.netflix.config.sources.URLConfigurationSource - No URLs will be polled as dynamic configuration sources.
2021-01-03 17:40:14.881 [restartedMain] WARN  org.dozer.config.GlobalSettings - Dozer configuration file not found: dozer.properties.  Using defaults for all Dozer global properties.
2021-01-03 17:40:18.937 [restartedMain] WARN  com.netflix.config.sources.URLConfigurationSource - No URLs will be polled as dynamic configuration sources.
2021-01-03 17:40:18.942 [restartedMain] WARN  com.netflix.config.sources.URLConfigurationSource - No URLs will be polled as dynamic configuration sources.
2021-01-03 17:40:19.145 [restartedMain] WARN  o.s.b.d.autoconfigure.OptionalLiveReloadServer - Unable to start LiveReload server
2021-01-03 17:58:30.145 [http-nio-8014-exec-1] WARN  o.s.w.s.m.m.a.ExceptionHandlerExceptionResolver - Resolved [java.lang.IndexOutOfBoundsException: Index: 0, Size: 0]
2021-01-03 17:59:15.794 [http-nio-8014-exec-5] WARN  o.s.w.s.m.m.a.ExceptionHandlerExceptionResolver - Resolved [java.lang.IndexOutOfBoundsException: Index: 0, Size: 0]
2021-01-04 10:25:31.771 [restartedMain] WARN  org.dozer.config.GlobalSettings - Dozer configuration file not found: dozer.properties.  Using defaults for all Dozer global properties.
2021-01-04 10:25:37.186 [restartedMain] WARN  com.netflix.config.sources.URLConfigurationSource - No URLs will be polled as dynamic configuration sources.
2021-01-04 10:25:37.321 [restartedMain] WARN  com.netflix.config.sources.URLConfigurationSource - No URLs will be polled as dynamic configuration sources.
2021-01-04 10:25:38.385 [restartedMain] WARN  com.netflix.config.sources.URLConfigurationSource - No URLs will be polled as dynamic configuration sources.
2021-01-04 10:25:38.395 [restartedMain] WARN  com.netflix.config.sources.URLConfigurationSource - No URLs will be polled as dynamic configuration sources.
2021-01-04 10:25:38.786 [restartedMain] WARN  o.s.b.d.autoconfigure.OptionalLiveReloadServer - Unable to start LiveReload server
2021-01-04 10:27:47.952 [http-nio-8011-exec-9] WARN  o.s.w.s.m.m.a.ExceptionHandlerExceptionResolver - Resolved [org.springframework.dao.DuplicateKeyException: 
### Error updating database.  Cause: java.sql.SQLIntegrityConstraintViolationException: Duplicate entry '2021010410274780' for key 'PRIMARY'
### The error may involve top.weidaboy.servicemain.mapper.TripMapper.insert-Inline
### The error occurred while setting parameters
### SQL: INSERT INTO trip  ( id, name, userid, trip,   classid, majorid, collegeid, gmt_create, gmt_modified, gmt_tripend )  VALUES  ( ?, ?, ?, ?,   ?, ?, ?, ?, ?, ? )
### Cause: java.sql.SQLIntegrityConstraintViolationException: Duplicate entry '2021010410274780' for key 'PRIMARY'
; Duplicate entry '2021010410274780' for key 'PRIMARY'; nested exception is java.sql.SQLIntegrityConstraintViolationException: Duplicate entry '2021010410274780' for key 'PRIMARY']
2021-01-04 10:27:49.514 [http-nio-8011-exec-1] WARN  o.s.w.s.m.m.a.ExceptionHandlerExceptionResolver - Resolved [org.springframework.dao.DuplicateKeyException: 
### Error updating database.  Cause: java.sql.SQLIntegrityConstraintViolationException: Duplicate entry '2021010410274922' for key 'PRIMARY'
### The error may involve top.weidaboy.servicemain.mapper.TripMapper.insert-Inline
### The error occurred while setting parameters
### SQL: INSERT INTO trip  ( id, name, userid, trip,     collegeid, gmt_create, gmt_modified, gmt_tripend )  VALUES  ( ?, ?, ?, ?,     ?, ?, ?, ? )
### Cause: java.sql.SQLIntegrityConstraintViolationException: Duplicate entry '2021010410274922' for key 'PRIMARY'
; Duplicate entry '2021010410274922' for key 'PRIMARY'; nested exception is java.sql.SQLIntegrityConstraintViolationException: Duplicate entry '2021010410274922' for key 'PRIMARY']
2021-01-04 11:03:02.212 [http-nio-8011-exec-9] WARN  o.s.w.s.m.m.a.ExceptionHandlerExceptionResolver - Resolved [org.springframework.dao.DuplicateKeyException: 
### Error updating database.  Cause: java.sql.SQLIntegrityConstraintViolationException: Duplicate entry '2021010411030279' for key 'PRIMARY'
### The error may involve top.weidaboy.servicemain.mapper.TempMapper.insert-Inline
### The error occurred while setting parameters
### SQL: INSERT INTO temp  ( id, collegeid, majorid, classid, userid, name, temp,   gmt_create, gmt_modified, gmt_tempend )  VALUES  ( ?, ?, ?, ?, ?, ?, ?,   ?, ?, ? )
### Cause: java.sql.SQLIntegrityConstraintViolationException: Duplicate entry '2021010411030279' for key 'PRIMARY'
; Duplicate entry '2021010411030279' for key 'PRIMARY'; nested exception is java.sql.SQLIntegrityConstraintViolationException: Duplicate entry '2021010411030279' for key 'PRIMARY']
2021-01-04 11:03:04.226 [http-nio-8011-exec-10] WARN  o.s.w.s.m.m.a.ExceptionHandlerExceptionResolver - Resolved [org.springframework.dao.DuplicateKeyException: 
### Error updating database.  Cause: java.sql.SQLIntegrityConstraintViolationException: Duplicate entry '2021010411030481' for key 'PRIMARY'
### The error may involve top.weidaboy.servicemain.mapper.TempMapper.insert-Inline
### The error occurred while setting parameters
### SQL: INSERT INTO temp  ( id, collegeid, majorid, classid, userid, name, temp,   gmt_create, gmt_modified, gmt_tempend )  VALUES  ( ?, ?, ?, ?, ?, ?, ?,   ?, ?, ? )
### Cause: java.sql.SQLIntegrityConstraintViolationException: Duplicate entry '2021010411030481' for key 'PRIMARY'
; Duplicate entry '2021010411030481' for key 'PRIMARY'; nested exception is java.sql.SQLIntegrityConstraintViolationException: Duplicate entry '2021010411030481' for key 'PRIMARY']
2021-01-04 11:03:05.744 [http-nio-8011-exec-1] WARN  o.s.w.s.m.m.a.ExceptionHandlerExceptionResolver - Resolved [org.springframework.dao.DuplicateKeyException: 
### Error updating database.  Cause: java.sql.SQLIntegrityConstraintViolationException: Duplicate entry '2021010411030596' for key 'PRIMARY'
### The error may involve top.weidaboy.servicemain.mapper.TempMapper.insert-Inline
### The error occurred while setting parameters
### SQL: INSERT INTO temp  ( id, collegeid, majorid, classid, userid, name, temp,   gmt_create, gmt_modified, gmt_tempend )  VALUES  ( ?, ?, ?, ?, ?, ?, ?,   ?, ?, ? )
### Cause: java.sql.SQLIntegrityConstraintViolationException: Duplicate entry '2021010411030596' for key 'PRIMARY'
; Duplicate entry '2021010411030596' for key 'PRIMARY'; nested exception is java.sql.SQLIntegrityConstraintViolationException: Duplicate entry '2021010411030596' for key 'PRIMARY']
2021-01-04 15:17:26.263 [restartedMain] WARN  com.netflix.config.sources.URLConfigurationSource - No URLs will be polled as dynamic configuration sources.
2021-01-04 15:17:26.268 [restartedMain] WARN  com.netflix.config.sources.URLConfigurationSource - No URLs will be polled as dynamic configuration sources.
