2021-01-11 16:02:23.429 [restartedMain] WARN  com.netflix.config.sources.URLConfigurationSource - No URLs will be polled as dynamic configuration sources.
2021-01-11 16:02:23.511 [restartedMain] WARN  com.netflix.config.sources.URLConfigurationSource - No URLs will be polled as dynamic configuration sources.
2021-01-11 16:02:55.409 [restartedMain] WARN  org.dozer.config.GlobalSettings - Dozer configuration file not found: dozer.properties.  Using defaults for all Dozer global properties.
2021-01-11 16:03:00.506 [restartedMain] WARN  com.netflix.config.sources.URLConfigurationSource - No URLs will be polled as dynamic configuration sources.
2021-01-11 16:03:00.513 [restartedMain] WARN  com.netflix.config.sources.URLConfigurationSource - No URLs will be polled as dynamic configuration sources.
2021-01-11 16:03:00.879 [restartedMain] WARN  o.s.b.d.autoconfigure.OptionalLiveReloadServer - Unable to start LiveReload server
2021-01-11 16:19:06.833 [http-nio-8011-exec-8] WARN  o.s.w.s.m.m.a.ExceptionHandlerExceptionResolver - Resolved [org.springframework.dao.DuplicateKeyException: 
### Error updating database.  Cause: java.sql.SQLIntegrityConstraintViolationException: Duplicate entry '2021011116190615' for key 'PRIMARY'
### The error may involve top.weidaboy.servicemain.mapper.TripMapper.insert-Inline
### The error occurred while setting parameters
### SQL: INSERT INTO trip  ( id, name, userid, trip,   classid, majorid, collegeid, gmt_create, gmt_modified, gmt_tripend )  VALUES  ( ?, ?, ?, ?,   ?, ?, ?, ?, ?, ? )
### Cause: java.sql.SQLIntegrityConstraintViolationException: Duplicate entry '2021011116190615' for key 'PRIMARY'
; Duplicate entry '2021011116190615' for key 'PRIMARY'; nested exception is java.sql.SQLIntegrityConstraintViolationException: Duplicate entry '2021011116190615' for key 'PRIMARY']
2021-01-11 16:52:54.874 [restartedMain] WARN  com.netflix.config.sources.URLConfigurationSource - No URLs will be polled as dynamic configuration sources.
2021-01-11 16:52:54.880 [restartedMain] WARN  com.netflix.config.sources.URLConfigurationSource - No URLs will be polled as dynamic configuration sources.
2021-01-11 16:53:10.368 [http-nio-8011-exec-5] WARN  o.s.w.s.m.m.a.ExceptionHandlerExceptionResolver - Resolved [org.mybatis.spring.MyBatisSystemException: nested exception is org.apache.ibatis.exceptions.PersistenceException: 
### Error querying database.  Cause: com.baomidou.mybatisplus.core.exceptions.MybatisPlusException: Error: Method queryTotal execution error.
### The error may exist in file [D:\ADaDemo\graduation\service\service_main\target\classes\top\weidaboy\servicemain\mapper\xml\TripMapper.xml]
### The error may involve defaultParameterMap
### The error occurred while setting parameters
### Cause: com.baomidou.mybatisplus.core.exceptions.MybatisPlusException: Error: Method queryTotal execution error.]
2021-01-11 22:19:10.393 [HikariPool-1 housekeeper] WARN  com.zaxxer.hikari.pool.HikariPool - HikariPool-1 - Thread starvation or clock leap detected (housekeeper delta=5h6m35s606ms712µs900ns).
2021-01-11 22:19:13.322 [HikariPool-1 housekeeper] WARN  com.zaxxer.hikari.pool.HikariPool - HikariPool-1 - Thread starvation or clock leap detected (housekeeper delta=5h6m35s606ms325µs600ns).
