2021-01-10 16:06:43.244 [restartedMain] WARN  com.netflix.config.sources.URLConfigurationSource - No URLs will be polled as dynamic configuration sources.
2021-01-10 16:06:43.296 [restartedMain] WARN  com.netflix.config.sources.URLConfigurationSource - No URLs will be polled as dynamic configuration sources.
2021-01-10 16:29:46.521 [restartedMain] WARN  org.dozer.config.GlobalSettings - Dozer configuration file not found: dozer.properties.  Using defaults for all Dozer global properties.
2021-01-10 16:29:53.403 [restartedMain] WARN  com.netflix.config.sources.URLConfigurationSource - No URLs will be polled as dynamic configuration sources.
2021-01-10 16:29:53.409 [restartedMain] WARN  com.netflix.config.sources.URLConfigurationSource - No URLs will be polled as dynamic configuration sources.
2021-01-10 16:29:53.638 [restartedMain] WARN  o.s.b.d.autoconfigure.OptionalLiveReloadServer - Unable to start LiveReload server
2021-01-10 16:31:32.635 [http-nio-8011-exec-10] WARN  o.s.w.s.m.m.a.ExceptionHandlerExceptionResolver - Resolved [java.lang.NullPointerException]
2021-01-10 16:31:43.427 [http-nio-8011-exec-3] WARN  o.s.w.s.m.m.a.ExceptionHandlerExceptionResolver - Resolved [org.springframework.dao.DuplicateKeyException: 
### Error updating database.  Cause: java.sql.SQLIntegrityConstraintViolationException: Duplicate entry '2021011016314334' for key 'PRIMARY'
### The error may involve top.weidaboy.servicemain.mapper.TripMapper.insert-Inline
### The error occurred while setting parameters
### SQL: INSERT INTO trip  ( id, name, userid, trip,   classid, majorid, collegeid, gmt_create, gmt_modified, gmt_tripend )  VALUES  ( ?, ?, ?, ?,   ?, ?, ?, ?, ?, ? )
### Cause: java.sql.SQLIntegrityConstraintViolationException: Duplicate entry '2021011016314334' for key 'PRIMARY'
; Duplicate entry '2021011016314334' for key 'PRIMARY'; nested exception is java.sql.SQLIntegrityConstraintViolationException: Duplicate entry '2021011016314334' for key 'PRIMARY']
2021-01-10 16:44:11.220 [http-nio-8011-exec-3] WARN  o.s.w.s.m.m.a.ExceptionHandlerExceptionResolver - Resolved [org.springframework.dao.DuplicateKeyException: 
### Error updating database.  Cause: java.sql.SQLIntegrityConstraintViolationException: Duplicate entry '2021011016441119' for key 'PRIMARY'
### The error may involve top.weidaboy.servicemain.mapper.TempMapper.insert-Inline
### The error occurred while setting parameters
### SQL: INSERT INTO temp  ( id, collegeid, majorid, classid, userid, name, temp,   gmt_create, gmt_modified, gmt_tempend )  VALUES  ( ?, ?, ?, ?, ?, ?, ?,   ?, ?, ? )
### Cause: java.sql.SQLIntegrityConstraintViolationException: Duplicate entry '2021011016441119' for key 'PRIMARY'
; Duplicate entry '2021011016441119' for key 'PRIMARY'; nested exception is java.sql.SQLIntegrityConstraintViolationException: Duplicate entry '2021011016441119' for key 'PRIMARY']
