2020-12-28 11:12:56.042 [restartedMain] ERROR org.springframework.boot.SpringApplication - Application run failed
org.springframework.beans.factory.UnsatisfiedDependencyException: Error creating bean with name 'AMQPController': Unsatisfied dependency expressed through field 'amqpService'; nested exception is org.springframework.beans.factory.UnsatisfiedDependencyException: Error creating bean with name 'AMQPServiceImpl': Unsatisfied dependency expressed through field 'tempService'; nested exception is org.springframework.beans.factory.UnsatisfiedDependencyException: Error creating bean with name 'tempServiceImpl': Unsatisfied dependency expressed through field 'baseMapper'; nested exception is org.springframework.beans.factory.UnsatisfiedDependencyException: Error creating bean with name 'tempMapper' defined in file [D:\ADaDemo\graduation\service\service_main\target\classes\top\weidaboy\servicemain\mapper\TempMapper.class]: Unsatisfied dependency expressed through bean property 'sqlSessionFactory'; nested exception is org.springframework.beans.factory.BeanCreationException: Error creating bean with name 'sqlSessionFactory' defined in class path resource [com/baomidou/mybatisplus/autoconfigure/MybatisPlusAutoConfiguration.class]: Bean instantiation via factory method failed; nested exception is org.springframework.beans.BeanInstantiationException: Failed to instantiate [org.apache.ibatis.session.SqlSessionFactory]: Factory method 'sqlSessionFactory' threw exception; nested exception is org.springframework.core.NestedIOException: Failed to parse mapping resource: 'file [D:\ADaDemo\graduation\service\service_main\target\classes\top\weidaboy\servicemain\mapper\xml\TempMapper.xml]'; nested exception is org.apache.ibatis.builder.BuilderException: Error parsing Mapper XML. The XML location is 'file [D:\ADaDemo\graduation\service\service_main\target\classes\top\weidaboy\servicemain\mapper\xml\TempMapper.xml]'. Cause: org.apache.ibatis.builder.BuilderException: Error resolving class. Cause: org.apache.ibatis.type.TypeException: Could not resolve type alias 'top.weidaboy.servicemain.query.Temp'.  Cause: java.lang.ClassNotFoundException: Cannot find class: top.weidaboy.servicemain.query.Temp
	at org.springframework.beans.factory.annotation.AutowiredAnnotationBeanPostProcessor$AutowiredFieldElement.inject(AutowiredAnnotationBeanPostProcessor.java:639)
	at org.springframework.beans.factory.annotation.InjectionMetadata.inject(InjectionMetadata.java:116)
	at org.springframework.beans.factory.annotation.AutowiredAnnotationBeanPostProcessor.postProcessProperties(AutowiredAnnotationBeanPostProcessor.java:397)
	at org.springframework.beans.factory.support.AbstractAutowireCapableBeanFactory.populateBean(AbstractAutowireCapableBeanFactory.java:1429)
	at org.springframework.beans.factory.support.AbstractAutowireCapableBeanFactory.doCreateBean(AbstractAutowireCapableBeanFactory.java:594)
	at org.springframework.beans.factory.support.AbstractAutowireCapableBeanFactory.createBean(AbstractAutowireCapableBeanFactory.java:517)
	at org.springframework.beans.factory.support.AbstractBeanFactory.lambda$doGetBean$0(AbstractBeanFactory.java:323)
	at org.springframework.beans.factory.support.DefaultSingletonBeanRegistry.getSingleton(DefaultSingletonBeanRegistry.java:222)
	at org.springframework.beans.factory.support.AbstractBeanFactory.doGetBean(AbstractBeanFactory.java:321)
	at org.springframework.beans.factory.support.AbstractBeanFactory.getBean(AbstractBeanFactory.java:202)
	at org.springframework.beans.factory.support.DefaultListableBeanFactory.preInstantiateSingletons(DefaultListableBeanFactory.java:879)
	at org.springframework.context.support.AbstractApplicationContext.finishBeanFactoryInitialization(AbstractApplicationContext.java:878)
	at org.springframework.context.support.AbstractApplicationContext.refresh(AbstractApplicationContext.java:550)
	at org.springframework.boot.web.servlet.context.ServletWebServerApplicationContext.refresh(ServletWebServerApplicationContext.java:141)
	at org.springframework.boot.SpringApplication.refresh(SpringApplication.java:747)
	at org.springframework.boot.SpringApplication.refreshContext(SpringApplication.java:397)
	at org.springframework.boot.SpringApplication.run(SpringApplication.java:315)
	at org.springframework.boot.SpringApplication.run(SpringApplication.java:1226)
	at org.springframework.boot.SpringApplication.run(SpringApplication.java:1215)
	at top.weidaboy.servicemain.MainApplication.main(MainApplication.java:18)
	at sun.reflect.NativeMethodAccessorImpl.invoke0(Native Method)
	at sun.reflect.NativeMethodAccessorImpl.invoke(NativeMethodAccessorImpl.java:62)
	at sun.reflect.DelegatingMethodAccessorImpl.invoke(DelegatingMethodAccessorImpl.java:43)
	at java.lang.reflect.Method.invoke(Method.java:498)
	at org.springframework.boot.devtools.restart.RestartLauncher.run(RestartLauncher.java:49)
Caused by: org.springframework.beans.factory.UnsatisfiedDependencyException: Error creating bean with name 'AMQPServiceImpl': Unsatisfied dependency expressed through field 'tempService'; nested exception is org.springframework.beans.factory.UnsatisfiedDependencyException: Error creating bean with name 'tempServiceImpl': Unsatisfied dependency expressed through field 'baseMapper'; nested exception is org.springframework.beans.factory.UnsatisfiedDependencyException: Error creating bean with name 'tempMapper' defined in file [D:\ADaDemo\graduation\service\service_main\target\classes\top\weidaboy\servicemain\mapper\TempMapper.class]: Unsatisfied dependency expressed through bean property 'sqlSessionFactory'; nested exception is org.springframework.beans.factory.BeanCreationException: Error creating bean with name 'sqlSessionFactory' defined in class path resource [com/baomidou/mybatisplus/autoconfigure/MybatisPlusAutoConfiguration.class]: Bean instantiation via factory method failed; nested exception is org.springframework.beans.BeanInstantiationException: Failed to instantiate [org.apache.ibatis.session.SqlSessionFactory]: Factory method 'sqlSessionFactory' threw exception; nested exception is org.springframework.core.NestedIOException: Failed to parse mapping resource: 'file [D:\ADaDemo\graduation\service\service_main\target\classes\top\weidaboy\servicemain\mapper\xml\TempMapper.xml]'; nested exception is org.apache.ibatis.builder.BuilderException: Error parsing Mapper XML. The XML location is 'file [D:\ADaDemo\graduation\service\service_main\target\classes\top\weidaboy\servicemain\mapper\xml\TempMapper.xml]'. Cause: org.apache.ibatis.builder.BuilderException: Error resolving class. Cause: org.apache.ibatis.type.TypeException: Could not resolve type alias 'top.weidaboy.servicemain.query.Temp'.  Cause: java.lang.ClassNotFoundException: Cannot find class: top.weidaboy.servicemain.query.Temp
	at org.springframework.beans.factory.annotation.AutowiredAnnotationBeanPostProcessor$AutowiredFieldElement.inject(AutowiredAnnotationBeanPostProcessor.java:639)
	at org.springframework.beans.factory.annotation.InjectionMetadata.inject(InjectionMetadata.java:116)
	at org.springframework.beans.factory.annotation.AutowiredAnnotationBeanPostProcessor.postProcessProperties(AutowiredAnnotationBeanPostProcessor.java:397)
	at org.springframework.beans.factory.support.AbstractAutowireCapableBeanFactory.populateBean(AbstractAutowireCapableBeanFactory.java:1429)
	at org.springframework.beans.factory.support.AbstractAutowireCapableBeanFactory.doCreateBean(AbstractAutowireCapableBeanFactory.java:594)
	at org.springframework.beans.factory.support.AbstractAutowireCapableBeanFactory.createBean(AbstractAutowireCapableBeanFactory.java:517)
	at org.springframework.beans.factory.support.AbstractBeanFactory.lambda$doGetBean$0(AbstractBeanFactory.java:323)
	at org.springframework.beans.factory.support.DefaultSingletonBeanRegistry.getSingleton(DefaultSingletonBeanRegistry.java:222)
	at org.springframework.beans.factory.support.AbstractBeanFactory.doGetBean(AbstractBeanFactory.java:321)
	at org.springframework.beans.factory.support.AbstractBeanFactory.getBean(AbstractBeanFactory.java:202)
	at org.springframework.beans.factory.config.DependencyDescriptor.resolveCandidate(DependencyDescriptor.java:276)
	at org.springframework.beans.factory.support.DefaultListableBeanFactory.doResolveDependency(DefaultListableBeanFactory.java:1287)
	at org.springframework.beans.factory.support.DefaultListableBeanFactory.resolveDependency(DefaultListableBeanFactory.java:1207)
	at org.springframework.beans.factory.annotation.AutowiredAnnotationBeanPostProcessor$AutowiredFieldElement.inject(AutowiredAnnotationBeanPostProcessor.java:636)
	... 24 common frames omitted
Caused by: org.springframework.beans.factory.UnsatisfiedDependencyException: Error creating bean with name 'tempServiceImpl': Unsatisfied dependency expressed through field 'baseMapper'; nested exception is org.springframework.beans.factory.UnsatisfiedDependencyException: Error creating bean with name 'tempMapper' defined in file [D:\ADaDemo\graduation\service\service_main\target\classes\top\weidaboy\servicemain\mapper\TempMapper.class]: Unsatisfied dependency expressed through bean property 'sqlSessionFactory'; nested exception is org.springframework.beans.factory.BeanCreationException: Error creating bean with name 'sqlSessionFactory' defined in class path resource [com/baomidou/mybatisplus/autoconfigure/MybatisPlusAutoConfiguration.class]: Bean instantiation via factory method failed; nested exception is org.springframework.beans.BeanInstantiationException: Failed to instantiate [org.apache.ibatis.session.SqlSessionFactory]: Factory method 'sqlSessionFactory' threw exception; nested exception is org.springframework.core.NestedIOException: Failed to parse mapping resource: 'file [D:\ADaDemo\graduation\service\service_main\target\classes\top\weidaboy\servicemain\mapper\xml\TempMapper.xml]'; nested exception is org.apache.ibatis.builder.BuilderException: Error parsing Mapper XML. The XML location is 'file [D:\ADaDemo\graduation\service\service_main\target\classes\top\weidaboy\servicemain\mapper\xml\TempMapper.xml]'. Cause: org.apache.ibatis.builder.BuilderException: Error resolving class. Cause: org.apache.ibatis.type.TypeException: Could not resolve type alias 'top.weidaboy.servicemain.query.Temp'.  Cause: java.lang.ClassNotFoundException: Cannot find class: top.weidaboy.servicemain.query.Temp
	at org.springframework.beans.factory.annotation.AutowiredAnnotationBeanPostProcessor$AutowiredFieldElement.inject(AutowiredAnnotationBeanPostProcessor.java:639)
	at org.springframework.beans.factory.annotation.InjectionMetadata.inject(InjectionMetadata.java:116)
	at org.springframework.beans.factory.annotation.AutowiredAnnotationBeanPostProcessor.postProcessProperties(AutowiredAnnotationBeanPostProcessor.java:397)
	at org.springframework.beans.factory.support.AbstractAutowireCapableBeanFactory.populateBean(AbstractAutowireCapableBeanFactory.java:1429)
	at org.springframework.beans.factory.support.AbstractAutowireCapableBeanFactory.doCreateBean(AbstractAutowireCapableBeanFactory.java:594)
	at org.springframework.beans.factory.support.AbstractAutowireCapableBeanFactory.createBean(AbstractAutowireCapableBeanFactory.java:517)
	at org.springframework.beans.factory.support.AbstractBeanFactory.lambda$doGetBean$0(AbstractBeanFactory.java:323)
	at org.springframework.beans.factory.support.DefaultSingletonBeanRegistry.getSingleton(DefaultSingletonBeanRegistry.java:222)
	at org.springframework.beans.factory.support.AbstractBeanFactory.doGetBean(AbstractBeanFactory.java:321)
	at org.springframework.beans.factory.support.AbstractBeanFactory.getBean(AbstractBeanFactory.java:202)
	at org.springframework.beans.factory.config.DependencyDescriptor.resolveCandidate(DependencyDescriptor.java:276)
	at org.springframework.beans.factory.support.DefaultListableBeanFactory.doResolveDependency(DefaultListableBeanFactory.java:1287)
	at org.springframework.beans.factory.support.DefaultListableBeanFactory.resolveDependency(DefaultListableBeanFactory.java:1207)
	at org.springframework.beans.factory.annotation.AutowiredAnnotationBeanPostProcessor$AutowiredFieldElement.inject(AutowiredAnnotationBeanPostProcessor.java:636)
	... 37 common frames omitted
Caused by: org.springframework.beans.factory.UnsatisfiedDependencyException: Error creating bean with name 'tempMapper' defined in file [D:\ADaDemo\graduation\service\service_main\target\classes\top\weidaboy\servicemain\mapper\TempMapper.class]: Unsatisfied dependency expressed through bean property 'sqlSessionFactory'; nested exception is org.springframework.beans.factory.BeanCreationException: Error creating bean with name 'sqlSessionFactory' defined in class path resource [com/baomidou/mybatisplus/autoconfigure/MybatisPlusAutoConfiguration.class]: Bean instantiation via factory method failed; nested exception is org.springframework.beans.BeanInstantiationException: Failed to instantiate [org.apache.ibatis.session.SqlSessionFactory]: Factory method 'sqlSessionFactory' threw exception; nested exception is org.springframework.core.NestedIOException: Failed to parse mapping resource: 'file [D:\ADaDemo\graduation\service\service_main\target\classes\top\weidaboy\servicemain\mapper\xml\TempMapper.xml]'; nested exception is org.apache.ibatis.builder.BuilderException: Error parsing Mapper XML. The XML location is 'file [D:\ADaDemo\graduation\service\service_main\target\classes\top\weidaboy\servicemain\mapper\xml\TempMapper.xml]'. Cause: org.apache.ibatis.builder.BuilderException: Error resolving class. Cause: org.apache.ibatis.type.TypeException: Could not resolve type alias 'top.weidaboy.servicemain.query.Temp'.  Cause: java.lang.ClassNotFoundException: Cannot find class: top.weidaboy.servicemain.query.Temp
	at org.springframework.beans.factory.support.AbstractAutowireCapableBeanFactory.autowireByType(AbstractAutowireCapableBeanFactory.java:1533)
	at org.springframework.beans.factory.support.AbstractAutowireCapableBeanFactory.populateBean(AbstractAutowireCapableBeanFactory.java:1413)
	at org.springframework.beans.factory.support.AbstractAutowireCapableBeanFactory.doCreateBean(AbstractAutowireCapableBeanFactory.java:594)
	at org.springframework.beans.factory.support.AbstractAutowireCapableBeanFactory.createBean(AbstractAutowireCapableBeanFactory.java:517)
	at org.springframework.beans.factory.support.AbstractBeanFactory.lambda$doGetBean$0(AbstractBeanFactory.java:323)
	at org.springframework.beans.factory.support.DefaultSingletonBeanRegistry.getSingleton(DefaultSingletonBeanRegistry.java:222)
	at org.springframework.beans.factory.support.AbstractBeanFactory.doGetBean(AbstractBeanFactory.java:321)
	at org.springframework.beans.factory.support.AbstractBeanFactory.getBean(AbstractBeanFactory.java:202)
	at org.springframework.beans.factory.config.DependencyDescriptor.resolveCandidate(DependencyDescriptor.java:276)
	at org.springframework.beans.factory.support.DefaultListableBeanFactory.doResolveDependency(DefaultListableBeanFactory.java:1287)
	at org.springframework.beans.factory.support.DefaultListableBeanFactory.resolveDependency(DefaultListableBeanFactory.java:1207)
	at org.springframework.beans.factory.annotation.AutowiredAnnotationBeanPostProcessor$AutowiredFieldElement.inject(AutowiredAnnotationBeanPostProcessor.java:636)
	... 50 common frames omitted
Caused by: org.springframework.beans.factory.BeanCreationException: Error creating bean with name 'sqlSessionFactory' defined in class path resource [com/baomidou/mybatisplus/autoconfigure/MybatisPlusAutoConfiguration.class]: Bean instantiation via factory method failed; nested exception is org.springframework.beans.BeanInstantiationException: Failed to instantiate [org.apache.ibatis.session.SqlSessionFactory]: Factory method 'sqlSessionFactory' threw exception; nested exception is org.springframework.core.NestedIOException: Failed to parse mapping resource: 'file [D:\ADaDemo\graduation\service\service_main\target\classes\top\weidaboy\servicemain\mapper\xml\TempMapper.xml]'; nested exception is org.apache.ibatis.builder.BuilderException: Error parsing Mapper XML. The XML location is 'file [D:\ADaDemo\graduation\service\service_main\target\classes\top\weidaboy\servicemain\mapper\xml\TempMapper.xml]'. Cause: org.apache.ibatis.builder.BuilderException: Error resolving class. Cause: org.apache.ibatis.type.TypeException: Could not resolve type alias 'top.weidaboy.servicemain.query.Temp'.  Cause: java.lang.ClassNotFoundException: Cannot find class: top.weidaboy.servicemain.query.Temp
	at org.springframework.beans.factory.support.ConstructorResolver.instantiate(ConstructorResolver.java:645)
	at org.springframework.beans.factory.support.ConstructorResolver.instantiateUsingFactoryMethod(ConstructorResolver.java:625)
	at org.springframework.beans.factory.support.AbstractAutowireCapableBeanFactory.instantiateUsingFactoryMethod(AbstractAutowireCapableBeanFactory.java:1338)
	at org.springframework.beans.factory.support.AbstractAutowireCapableBeanFactory.createBeanInstance(AbstractAutowireCapableBeanFactory.java:1177)
	at org.springframework.beans.factory.support.AbstractAutowireCapableBeanFactory.doCreateBean(AbstractAutowireCapableBeanFactory.java:557)
	at org.springframework.beans.factory.support.AbstractAutowireCapableBeanFactory.createBean(AbstractAutowireCapableBeanFactory.java:517)
	at org.springframework.beans.factory.support.AbstractBeanFactory.lambda$doGetBean$0(AbstractBeanFactory.java:323)
	at org.springframework.beans.factory.support.DefaultSingletonBeanRegistry.getSingleton(DefaultSingletonBeanRegistry.java:222)
	at org.springframework.beans.factory.support.AbstractBeanFactory.doGetBean(AbstractBeanFactory.java:321)
	at org.springframework.beans.factory.support.AbstractBeanFactory.getBean(AbstractBeanFactory.java:202)
	at org.springframework.beans.factory.config.DependencyDescriptor.resolveCandidate(DependencyDescriptor.java:276)
	at org.springframework.beans.factory.support.DefaultListableBeanFactory.doResolveDependency(DefaultListableBeanFactory.java:1287)
	at org.springframework.beans.factory.support.DefaultListableBeanFactory.resolveDependency(DefaultListableBeanFactory.java:1207)
	at org.springframework.beans.factory.support.AbstractAutowireCapableBeanFactory.autowireByType(AbstractAutowireCapableBeanFactory.java:1518)
	... 61 common frames omitted
Caused by: org.springframework.beans.BeanInstantiationException: Failed to instantiate [org.apache.ibatis.session.SqlSessionFactory]: Factory method 'sqlSessionFactory' threw exception; nested exception is org.springframework.core.NestedIOException: Failed to parse mapping resource: 'file [D:\ADaDemo\graduation\service\service_main\target\classes\top\weidaboy\servicemain\mapper\xml\TempMapper.xml]'; nested exception is org.apache.ibatis.builder.BuilderException: Error parsing Mapper XML. The XML location is 'file [D:\ADaDemo\graduation\service\service_main\target\classes\top\weidaboy\servicemain\mapper\xml\TempMapper.xml]'. Cause: org.apache.ibatis.builder.BuilderException: Error resolving class. Cause: org.apache.ibatis.type.TypeException: Could not resolve type alias 'top.weidaboy.servicemain.query.Temp'.  Cause: java.lang.ClassNotFoundException: Cannot find class: top.weidaboy.servicemain.query.Temp
	at org.springframework.beans.factory.support.SimpleInstantiationStrategy.instantiate(SimpleInstantiationStrategy.java:185)
	at org.springframework.beans.factory.support.ConstructorResolver.instantiate(ConstructorResolver.java:640)
	... 74 common frames omitted
Caused by: org.springframework.core.NestedIOException: Failed to parse mapping resource: 'file [D:\ADaDemo\graduation\service\service_main\target\classes\top\weidaboy\servicemain\mapper\xml\TempMapper.xml]'; nested exception is org.apache.ibatis.builder.BuilderException: Error parsing Mapper XML. The XML location is 'file [D:\ADaDemo\graduation\service\service_main\target\classes\top\weidaboy\servicemain\mapper\xml\TempMapper.xml]'. Cause: org.apache.ibatis.builder.BuilderException: Error resolving class. Cause: org.apache.ibatis.type.TypeException: Could not resolve type alias 'top.weidaboy.servicemain.query.Temp'.  Cause: java.lang.ClassNotFoundException: Cannot find class: top.weidaboy.servicemain.query.Temp
	at com.baomidou.mybatisplus.extension.spring.MybatisSqlSessionFactoryBean.buildSqlSessionFactory(MybatisSqlSessionFactoryBean.java:630)
	at com.baomidou.mybatisplus.extension.spring.MybatisSqlSessionFactoryBean.afterPropertiesSet(MybatisSqlSessionFactoryBean.java:386)
	at com.baomidou.mybatisplus.extension.spring.MybatisSqlSessionFactoryBean.getObject(MybatisSqlSessionFactoryBean.java:683)
	at com.baomidou.mybatisplus.autoconfigure.MybatisPlusAutoConfiguration.sqlSessionFactory(MybatisPlusAutoConfiguration.java:165)
	at com.baomidou.mybatisplus.autoconfigure.MybatisPlusAutoConfiguration$$EnhancerBySpringCGLIB$$7f211ff4.CGLIB$sqlSessionFactory$0(<generated>)
	at com.baomidou.mybatisplus.autoconfigure.MybatisPlusAutoConfiguration$$EnhancerBySpringCGLIB$$7f211ff4$$FastClassBySpringCGLIB$$1692eb75.invoke(<generated>)
	at org.springframework.cglib.proxy.MethodProxy.invokeSuper(MethodProxy.java:244)
	at org.springframework.context.annotation.ConfigurationClassEnhancer$BeanMethodInterceptor.intercept(ConfigurationClassEnhancer.java:363)
	at com.baomidou.mybatisplus.autoconfigure.MybatisPlusAutoConfiguration$$EnhancerBySpringCGLIB$$7f211ff4.sqlSessionFactory(<generated>)
	at sun.reflect.NativeMethodAccessorImpl.invoke0(Native Method)
	at sun.reflect.NativeMethodAccessorImpl.invoke(NativeMethodAccessorImpl.java:62)
	at sun.reflect.DelegatingMethodAccessorImpl.invoke(DelegatingMethodAccessorImpl.java:43)
	at java.lang.reflect.Method.invoke(Method.java:498)
	at org.springframework.beans.factory.support.SimpleInstantiationStrategy.instantiate(SimpleInstantiationStrategy.java:154)
	... 75 common frames omitted
Caused by: org.apache.ibatis.builder.BuilderException: Error parsing Mapper XML. The XML location is 'file [D:\ADaDemo\graduation\service\service_main\target\classes\top\weidaboy\servicemain\mapper\xml\TempMapper.xml]'. Cause: org.apache.ibatis.builder.BuilderException: Error resolving class. Cause: org.apache.ibatis.type.TypeException: Could not resolve type alias 'top.weidaboy.servicemain.query.Temp'.  Cause: java.lang.ClassNotFoundException: Cannot find class: top.weidaboy.servicemain.query.Temp
	at org.apache.ibatis.builder.xml.XMLMapperBuilder.configurationElement(XMLMapperBuilder.java:120)
	at org.apache.ibatis.builder.xml.XMLMapperBuilder.parse(XMLMapperBuilder.java:92)
	at com.baomidou.mybatisplus.extension.spring.MybatisSqlSessionFactoryBean.buildSqlSessionFactory(MybatisSqlSessionFactoryBean.java:628)
	... 88 common frames omitted
Caused by: org.apache.ibatis.builder.BuilderException: Error resolving class. Cause: org.apache.ibatis.type.TypeException: Could not resolve type alias 'top.weidaboy.servicemain.query.Temp'.  Cause: java.lang.ClassNotFoundException: Cannot find class: top.weidaboy.servicemain.query.Temp
	at org.apache.ibatis.builder.BaseBuilder.resolveClass(BaseBuilder.java:118)
	at org.apache.ibatis.builder.xml.XMLStatementBuilder.parseStatementNode(XMLStatementBuilder.java:74)
	at org.apache.ibatis.builder.xml.XMLMapperBuilder.buildStatementFromContext(XMLMapperBuilder.java:135)
	at org.apache.ibatis.builder.xml.XMLMapperBuilder.buildStatementFromContext(XMLMapperBuilder.java:128)
	at org.apache.ibatis.builder.xml.XMLMapperBuilder.configurationElement(XMLMapperBuilder.java:118)
	... 90 common frames omitted
Caused by: org.apache.ibatis.type.TypeException: Could not resolve type alias 'top.weidaboy.servicemain.query.Temp'.  Cause: java.lang.ClassNotFoundException: Cannot find class: top.weidaboy.servicemain.query.Temp
	at org.apache.ibatis.type.TypeAliasRegistry.resolveAlias(TypeAliasRegistry.java:120)
	at org.apache.ibatis.builder.BaseBuilder.resolveAlias(BaseBuilder.java:149)
	at org.apache.ibatis.builder.BaseBuilder.resolveClass(BaseBuilder.java:116)
	... 94 common frames omitted
Caused by: java.lang.ClassNotFoundException: Cannot find class: top.weidaboy.servicemain.query.Temp
	at org.apache.ibatis.io.ClassLoaderWrapper.classForName(ClassLoaderWrapper.java:200)
	at org.apache.ibatis.io.ClassLoaderWrapper.classForName(ClassLoaderWrapper.java:89)
	at org.apache.ibatis.io.Resources.classForName(Resources.java:261)
	at org.apache.ibatis.type.TypeAliasRegistry.resolveAlias(TypeAliasRegistry.java:116)
	... 96 common frames omitted
2020-12-28 11:14:37.717 [restartedMain] ERROR org.springframework.boot.SpringApplication - Application run failed
org.springframework.beans.factory.UnsatisfiedDependencyException: Error creating bean with name 'AMQPController': Unsatisfied dependency expressed through field 'amqpService'; nested exception is org.springframework.beans.factory.UnsatisfiedDependencyException: Error creating bean with name 'AMQPServiceImpl': Unsatisfied dependency expressed through field 'tempService'; nested exception is org.springframework.beans.factory.UnsatisfiedDependencyException: Error creating bean with name 'tempServiceImpl': Unsatisfied dependency expressed through field 'baseMapper'; nested exception is org.springframework.beans.factory.UnsatisfiedDependencyException: Error creating bean with name 'tempMapper' defined in file [D:\ADaDemo\graduation\service\service_main\target\classes\top\weidaboy\servicemain\mapper\TempMapper.class]: Unsatisfied dependency expressed through bean property 'sqlSessionFactory'; nested exception is org.springframework.beans.factory.BeanCreationException: Error creating bean with name 'sqlSessionFactory' defined in class path resource [com/baomidou/mybatisplus/autoconfigure/MybatisPlusAutoConfiguration.class]: Bean instantiation via factory method failed; nested exception is org.springframework.beans.BeanInstantiationException: Failed to instantiate [org.apache.ibatis.session.SqlSessionFactory]: Factory method 'sqlSessionFactory' threw exception; nested exception is org.springframework.core.NestedIOException: Failed to parse mapping resource: 'file [D:\ADaDemo\graduation\service\service_main\target\classes\top\weidaboy\servicemain\mapper\xml\TempMapper.xml]'; nested exception is org.apache.ibatis.builder.BuilderException: Error parsing Mapper XML. The XML location is 'file [D:\ADaDemo\graduation\service\service_main\target\classes\top\weidaboy\servicemain\mapper\xml\TempMapper.xml]'. Cause: org.apache.ibatis.builder.BuilderException: Error resolving class. Cause: org.apache.ibatis.type.TypeException: Could not resolve type alias 'top.weidaboy.servicemain.query.Temp'.  Cause: java.lang.ClassNotFoundException: Cannot find class: top.weidaboy.servicemain.query.Temp
	at org.springframework.beans.factory.annotation.AutowiredAnnotationBeanPostProcessor$AutowiredFieldElement.inject(AutowiredAnnotationBeanPostProcessor.java:639)
	at org.springframework.beans.factory.annotation.InjectionMetadata.inject(InjectionMetadata.java:116)
	at org.springframework.beans.factory.annotation.AutowiredAnnotationBeanPostProcessor.postProcessProperties(AutowiredAnnotationBeanPostProcessor.java:397)
	at org.springframework.beans.factory.support.AbstractAutowireCapableBeanFactory.populateBean(AbstractAutowireCapableBeanFactory.java:1429)
	at org.springframework.beans.factory.support.AbstractAutowireCapableBeanFactory.doCreateBean(AbstractAutowireCapableBeanFactory.java:594)
	at org.springframework.beans.factory.support.AbstractAutowireCapableBeanFactory.createBean(AbstractAutowireCapableBeanFactory.java:517)
	at org.springframework.beans.factory.support.AbstractBeanFactory.lambda$doGetBean$0(AbstractBeanFactory.java:323)
	at org.springframework.beans.factory.support.DefaultSingletonBeanRegistry.getSingleton(DefaultSingletonBeanRegistry.java:222)
	at org.springframework.beans.factory.support.AbstractBeanFactory.doGetBean(AbstractBeanFactory.java:321)
	at org.springframework.beans.factory.support.AbstractBeanFactory.getBean(AbstractBeanFactory.java:202)
	at org.springframework.beans.factory.support.DefaultListableBeanFactory.preInstantiateSingletons(DefaultListableBeanFactory.java:879)
	at org.springframework.context.support.AbstractApplicationContext.finishBeanFactoryInitialization(AbstractApplicationContext.java:878)
	at org.springframework.context.support.AbstractApplicationContext.refresh(AbstractApplicationContext.java:550)
	at org.springframework.boot.web.servlet.context.ServletWebServerApplicationContext.refresh(ServletWebServerApplicationContext.java:141)
	at org.springframework.boot.SpringApplication.refresh(SpringApplication.java:747)
	at org.springframework.boot.SpringApplication.refreshContext(SpringApplication.java:397)
	at org.springframework.boot.SpringApplication.run(SpringApplication.java:315)
	at org.springframework.boot.SpringApplication.run(SpringApplication.java:1226)
	at org.springframework.boot.SpringApplication.run(SpringApplication.java:1215)
	at top.weidaboy.servicemain.MainApplication.main(MainApplication.java:18)
	at sun.reflect.NativeMethodAccessorImpl.invoke0(Native Method)
	at sun.reflect.NativeMethodAccessorImpl.invoke(NativeMethodAccessorImpl.java:62)
	at sun.reflect.DelegatingMethodAccessorImpl.invoke(DelegatingMethodAccessorImpl.java:43)
	at java.lang.reflect.Method.invoke(Method.java:498)
	at org.springframework.boot.devtools.restart.RestartLauncher.run(RestartLauncher.java:49)
Caused by: org.springframework.beans.factory.UnsatisfiedDependencyException: Error creating bean with name 'AMQPServiceImpl': Unsatisfied dependency expressed through field 'tempService'; nested exception is org.springframework.beans.factory.UnsatisfiedDependencyException: Error creating bean with name 'tempServiceImpl': Unsatisfied dependency expressed through field 'baseMapper'; nested exception is org.springframework.beans.factory.UnsatisfiedDependencyException: Error creating bean with name 'tempMapper' defined in file [D:\ADaDemo\graduation\service\service_main\target\classes\top\weidaboy\servicemain\mapper\TempMapper.class]: Unsatisfied dependency expressed through bean property 'sqlSessionFactory'; nested exception is org.springframework.beans.factory.BeanCreationException: Error creating bean with name 'sqlSessionFactory' defined in class path resource [com/baomidou/mybatisplus/autoconfigure/MybatisPlusAutoConfiguration.class]: Bean instantiation via factory method failed; nested exception is org.springframework.beans.BeanInstantiationException: Failed to instantiate [org.apache.ibatis.session.SqlSessionFactory]: Factory method 'sqlSessionFactory' threw exception; nested exception is org.springframework.core.NestedIOException: Failed to parse mapping resource: 'file [D:\ADaDemo\graduation\service\service_main\target\classes\top\weidaboy\servicemain\mapper\xml\TempMapper.xml]'; nested exception is org.apache.ibatis.builder.BuilderException: Error parsing Mapper XML. The XML location is 'file [D:\ADaDemo\graduation\service\service_main\target\classes\top\weidaboy\servicemain\mapper\xml\TempMapper.xml]'. Cause: org.apache.ibatis.builder.BuilderException: Error resolving class. Cause: org.apache.ibatis.type.TypeException: Could not resolve type alias 'top.weidaboy.servicemain.query.Temp'.  Cause: java.lang.ClassNotFoundException: Cannot find class: top.weidaboy.servicemain.query.Temp
	at org.springframework.beans.factory.annotation.AutowiredAnnotationBeanPostProcessor$AutowiredFieldElement.inject(AutowiredAnnotationBeanPostProcessor.java:639)
	at org.springframework.beans.factory.annotation.InjectionMetadata.inject(InjectionMetadata.java:116)
	at org.springframework.beans.factory.annotation.AutowiredAnnotationBeanPostProcessor.postProcessProperties(AutowiredAnnotationBeanPostProcessor.java:397)
	at org.springframework.beans.factory.support.AbstractAutowireCapableBeanFactory.populateBean(AbstractAutowireCapableBeanFactory.java:1429)
	at org.springframework.beans.factory.support.AbstractAutowireCapableBeanFactory.doCreateBean(AbstractAutowireCapableBeanFactory.java:594)
	at org.springframework.beans.factory.support.AbstractAutowireCapableBeanFactory.createBean(AbstractAutowireCapableBeanFactory.java:517)
	at org.springframework.beans.factory.support.AbstractBeanFactory.lambda$doGetBean$0(AbstractBeanFactory.java:323)
	at org.springframework.beans.factory.support.DefaultSingletonBeanRegistry.getSingleton(DefaultSingletonBeanRegistry.java:222)
	at org.springframework.beans.factory.support.AbstractBeanFactory.doGetBean(AbstractBeanFactory.java:321)
	at org.springframework.beans.factory.support.AbstractBeanFactory.getBean(AbstractBeanFactory.java:202)
	at org.springframework.beans.factory.config.DependencyDescriptor.resolveCandidate(DependencyDescriptor.java:276)
	at org.springframework.beans.factory.support.DefaultListableBeanFactory.doResolveDependency(DefaultListableBeanFactory.java:1287)
	at org.springframework.beans.factory.support.DefaultListableBeanFactory.resolveDependency(DefaultListableBeanFactory.java:1207)
	at org.springframework.beans.factory.annotation.AutowiredAnnotationBeanPostProcessor$AutowiredFieldElement.inject(AutowiredAnnotationBeanPostProcessor.java:636)
	... 24 common frames omitted
Caused by: org.springframework.beans.factory.UnsatisfiedDependencyException: Error creating bean with name 'tempServiceImpl': Unsatisfied dependency expressed through field 'baseMapper'; nested exception is org.springframework.beans.factory.UnsatisfiedDependencyException: Error creating bean with name 'tempMapper' defined in file [D:\ADaDemo\graduation\service\service_main\target\classes\top\weidaboy\servicemain\mapper\TempMapper.class]: Unsatisfied dependency expressed through bean property 'sqlSessionFactory'; nested exception is org.springframework.beans.factory.BeanCreationException: Error creating bean with name 'sqlSessionFactory' defined in class path resource [com/baomidou/mybatisplus/autoconfigure/MybatisPlusAutoConfiguration.class]: Bean instantiation via factory method failed; nested exception is org.springframework.beans.BeanInstantiationException: Failed to instantiate [org.apache.ibatis.session.SqlSessionFactory]: Factory method 'sqlSessionFactory' threw exception; nested exception is org.springframework.core.NestedIOException: Failed to parse mapping resource: 'file [D:\ADaDemo\graduation\service\service_main\target\classes\top\weidaboy\servicemain\mapper\xml\TempMapper.xml]'; nested exception is org.apache.ibatis.builder.BuilderException: Error parsing Mapper XML. The XML location is 'file [D:\ADaDemo\graduation\service\service_main\target\classes\top\weidaboy\servicemain\mapper\xml\TempMapper.xml]'. Cause: org.apache.ibatis.builder.BuilderException: Error resolving class. Cause: org.apache.ibatis.type.TypeException: Could not resolve type alias 'top.weidaboy.servicemain.query.Temp'.  Cause: java.lang.ClassNotFoundException: Cannot find class: top.weidaboy.servicemain.query.Temp
	at org.springframework.beans.factory.annotation.AutowiredAnnotationBeanPostProcessor$AutowiredFieldElement.inject(AutowiredAnnotationBeanPostProcessor.java:639)
	at org.springframework.beans.factory.annotation.InjectionMetadata.inject(InjectionMetadata.java:116)
	at org.springframework.beans.factory.annotation.AutowiredAnnotationBeanPostProcessor.postProcessProperties(AutowiredAnnotationBeanPostProcessor.java:397)
	at org.springframework.beans.factory.support.AbstractAutowireCapableBeanFactory.populateBean(AbstractAutowireCapableBeanFactory.java:1429)
	at org.springframework.beans.factory.support.AbstractAutowireCapableBeanFactory.doCreateBean(AbstractAutowireCapableBeanFactory.java:594)
	at org.springframework.beans.factory.support.AbstractAutowireCapableBeanFactory.createBean(AbstractAutowireCapableBeanFactory.java:517)
	at org.springframework.beans.factory.support.AbstractBeanFactory.lambda$doGetBean$0(AbstractBeanFactory.java:323)
	at org.springframework.beans.factory.support.DefaultSingletonBeanRegistry.getSingleton(DefaultSingletonBeanRegistry.java:222)
	at org.springframework.beans.factory.support.AbstractBeanFactory.doGetBean(AbstractBeanFactory.java:321)
	at org.springframework.beans.factory.support.AbstractBeanFactory.getBean(AbstractBeanFactory.java:202)
	at org.springframework.beans.factory.config.DependencyDescriptor.resolveCandidate(DependencyDescriptor.java:276)
	at org.springframework.beans.factory.support.DefaultListableBeanFactory.doResolveDependency(DefaultListableBeanFactory.java:1287)
	at org.springframework.beans.factory.support.DefaultListableBeanFactory.resolveDependency(DefaultListableBeanFactory.java:1207)
	at org.springframework.beans.factory.annotation.AutowiredAnnotationBeanPostProcessor$AutowiredFieldElement.inject(AutowiredAnnotationBeanPostProcessor.java:636)
	... 37 common frames omitted
Caused by: org.springframework.beans.factory.UnsatisfiedDependencyException: Error creating bean with name 'tempMapper' defined in file [D:\ADaDemo\graduation\service\service_main\target\classes\top\weidaboy\servicemain\mapper\TempMapper.class]: Unsatisfied dependency expressed through bean property 'sqlSessionFactory'; nested exception is org.springframework.beans.factory.BeanCreationException: Error creating bean with name 'sqlSessionFactory' defined in class path resource [com/baomidou/mybatisplus/autoconfigure/MybatisPlusAutoConfiguration.class]: Bean instantiation via factory method failed; nested exception is org.springframework.beans.BeanInstantiationException: Failed to instantiate [org.apache.ibatis.session.SqlSessionFactory]: Factory method 'sqlSessionFactory' threw exception; nested exception is org.springframework.core.NestedIOException: Failed to parse mapping resource: 'file [D:\ADaDemo\graduation\service\service_main\target\classes\top\weidaboy\servicemain\mapper\xml\TempMapper.xml]'; nested exception is org.apache.ibatis.builder.BuilderException: Error parsing Mapper XML. The XML location is 'file [D:\ADaDemo\graduation\service\service_main\target\classes\top\weidaboy\servicemain\mapper\xml\TempMapper.xml]'. Cause: org.apache.ibatis.builder.BuilderException: Error resolving class. Cause: org.apache.ibatis.type.TypeException: Could not resolve type alias 'top.weidaboy.servicemain.query.Temp'.  Cause: java.lang.ClassNotFoundException: Cannot find class: top.weidaboy.servicemain.query.Temp
	at org.springframework.beans.factory.support.AbstractAutowireCapableBeanFactory.autowireByType(AbstractAutowireCapableBeanFactory.java:1533)
	at org.springframework.beans.factory.support.AbstractAutowireCapableBeanFactory.populateBean(AbstractAutowireCapableBeanFactory.java:1413)
	at org.springframework.beans.factory.support.AbstractAutowireCapableBeanFactory.doCreateBean(AbstractAutowireCapableBeanFactory.java:594)
	at org.springframework.beans.factory.support.AbstractAutowireCapableBeanFactory.createBean(AbstractAutowireCapableBeanFactory.java:517)
	at org.springframework.beans.factory.support.AbstractBeanFactory.lambda$doGetBean$0(AbstractBeanFactory.java:323)
	at org.springframework.beans.factory.support.DefaultSingletonBeanRegistry.getSingleton(DefaultSingletonBeanRegistry.java:222)
	at org.springframework.beans.factory.support.AbstractBeanFactory.doGetBean(AbstractBeanFactory.java:321)
	at org.springframework.beans.factory.support.AbstractBeanFactory.getBean(AbstractBeanFactory.java:202)
	at org.springframework.beans.factory.config.DependencyDescriptor.resolveCandidate(DependencyDescriptor.java:276)
	at org.springframework.beans.factory.support.DefaultListableBeanFactory.doResolveDependency(DefaultListableBeanFactory.java:1287)
	at org.springframework.beans.factory.support.DefaultListableBeanFactory.resolveDependency(DefaultListableBeanFactory.java:1207)
	at org.springframework.beans.factory.annotation.AutowiredAnnotationBeanPostProcessor$AutowiredFieldElement.inject(AutowiredAnnotationBeanPostProcessor.java:636)
	... 50 common frames omitted
Caused by: org.springframework.beans.factory.BeanCreationException: Error creating bean with name 'sqlSessionFactory' defined in class path resource [com/baomidou/mybatisplus/autoconfigure/MybatisPlusAutoConfiguration.class]: Bean instantiation via factory method failed; nested exception is org.springframework.beans.BeanInstantiationException: Failed to instantiate [org.apache.ibatis.session.SqlSessionFactory]: Factory method 'sqlSessionFactory' threw exception; nested exception is org.springframework.core.NestedIOException: Failed to parse mapping resource: 'file [D:\ADaDemo\graduation\service\service_main\target\classes\top\weidaboy\servicemain\mapper\xml\TempMapper.xml]'; nested exception is org.apache.ibatis.builder.BuilderException: Error parsing Mapper XML. The XML location is 'file [D:\ADaDemo\graduation\service\service_main\target\classes\top\weidaboy\servicemain\mapper\xml\TempMapper.xml]'. Cause: org.apache.ibatis.builder.BuilderException: Error resolving class. Cause: org.apache.ibatis.type.TypeException: Could not resolve type alias 'top.weidaboy.servicemain.query.Temp'.  Cause: java.lang.ClassNotFoundException: Cannot find class: top.weidaboy.servicemain.query.Temp
	at org.springframework.beans.factory.support.ConstructorResolver.instantiate(ConstructorResolver.java:645)
	at org.springframework.beans.factory.support.ConstructorResolver.instantiateUsingFactoryMethod(ConstructorResolver.java:625)
	at org.springframework.beans.factory.support.AbstractAutowireCapableBeanFactory.instantiateUsingFactoryMethod(AbstractAutowireCapableBeanFactory.java:1338)
	at org.springframework.beans.factory.support.AbstractAutowireCapableBeanFactory.createBeanInstance(AbstractAutowireCapableBeanFactory.java:1177)
	at org.springframework.beans.factory.support.AbstractAutowireCapableBeanFactory.doCreateBean(AbstractAutowireCapableBeanFactory.java:557)
	at org.springframework.beans.factory.support.AbstractAutowireCapableBeanFactory.createBean(AbstractAutowireCapableBeanFactory.java:517)
	at org.springframework.beans.factory.support.AbstractBeanFactory.lambda$doGetBean$0(AbstractBeanFactory.java:323)
	at org.springframework.beans.factory.support.DefaultSingletonBeanRegistry.getSingleton(DefaultSingletonBeanRegistry.java:222)
	at org.springframework.beans.factory.support.AbstractBeanFactory.doGetBean(AbstractBeanFactory.java:321)
	at org.springframework.beans.factory.support.AbstractBeanFactory.getBean(AbstractBeanFactory.java:202)
	at org.springframework.beans.factory.config.DependencyDescriptor.resolveCandidate(DependencyDescriptor.java:276)
	at org.springframework.beans.factory.support.DefaultListableBeanFactory.doResolveDependency(DefaultListableBeanFactory.java:1287)
	at org.springframework.beans.factory.support.DefaultListableBeanFactory.resolveDependency(DefaultListableBeanFactory.java:1207)
	at org.springframework.beans.factory.support.AbstractAutowireCapableBeanFactory.autowireByType(AbstractAutowireCapableBeanFactory.java:1518)
	... 61 common frames omitted
Caused by: org.springframework.beans.BeanInstantiationException: Failed to instantiate [org.apache.ibatis.session.SqlSessionFactory]: Factory method 'sqlSessionFactory' threw exception; nested exception is org.springframework.core.NestedIOException: Failed to parse mapping resource: 'file [D:\ADaDemo\graduation\service\service_main\target\classes\top\weidaboy\servicemain\mapper\xml\TempMapper.xml]'; nested exception is org.apache.ibatis.builder.BuilderException: Error parsing Mapper XML. The XML location is 'file [D:\ADaDemo\graduation\service\service_main\target\classes\top\weidaboy\servicemain\mapper\xml\TempMapper.xml]'. Cause: org.apache.ibatis.builder.BuilderException: Error resolving class. Cause: org.apache.ibatis.type.TypeException: Could not resolve type alias 'top.weidaboy.servicemain.query.Temp'.  Cause: java.lang.ClassNotFoundException: Cannot find class: top.weidaboy.servicemain.query.Temp
	at org.springframework.beans.factory.support.SimpleInstantiationStrategy.instantiate(SimpleInstantiationStrategy.java:185)
	at org.springframework.beans.factory.support.ConstructorResolver.instantiate(ConstructorResolver.java:640)
	... 74 common frames omitted
Caused by: org.springframework.core.NestedIOException: Failed to parse mapping resource: 'file [D:\ADaDemo\graduation\service\service_main\target\classes\top\weidaboy\servicemain\mapper\xml\TempMapper.xml]'; nested exception is org.apache.ibatis.builder.BuilderException: Error parsing Mapper XML. The XML location is 'file [D:\ADaDemo\graduation\service\service_main\target\classes\top\weidaboy\servicemain\mapper\xml\TempMapper.xml]'. Cause: org.apache.ibatis.builder.BuilderException: Error resolving class. Cause: org.apache.ibatis.type.TypeException: Could not resolve type alias 'top.weidaboy.servicemain.query.Temp'.  Cause: java.lang.ClassNotFoundException: Cannot find class: top.weidaboy.servicemain.query.Temp
	at com.baomidou.mybatisplus.extension.spring.MybatisSqlSessionFactoryBean.buildSqlSessionFactory(MybatisSqlSessionFactoryBean.java:630)
	at com.baomidou.mybatisplus.extension.spring.MybatisSqlSessionFactoryBean.afterPropertiesSet(MybatisSqlSessionFactoryBean.java:386)
	at com.baomidou.mybatisplus.extension.spring.MybatisSqlSessionFactoryBean.getObject(MybatisSqlSessionFactoryBean.java:683)
	at com.baomidou.mybatisplus.autoconfigure.MybatisPlusAutoConfiguration.sqlSessionFactory(MybatisPlusAutoConfiguration.java:165)
	at com.baomidou.mybatisplus.autoconfigure.MybatisPlusAutoConfiguration$$EnhancerBySpringCGLIB$$b2628c39.CGLIB$sqlSessionFactory$0(<generated>)
	at com.baomidou.mybatisplus.autoconfigure.MybatisPlusAutoConfiguration$$EnhancerBySpringCGLIB$$b2628c39$$FastClassBySpringCGLIB$$d18602e1.invoke(<generated>)
	at org.springframework.cglib.proxy.MethodProxy.invokeSuper(MethodProxy.java:244)
	at org.springframework.context.annotation.ConfigurationClassEnhancer$BeanMethodInterceptor.intercept(ConfigurationClassEnhancer.java:363)
	at com.baomidou.mybatisplus.autoconfigure.MybatisPlusAutoConfiguration$$EnhancerBySpringCGLIB$$b2628c39.sqlSessionFactory(<generated>)
	at sun.reflect.NativeMethodAccessorImpl.invoke0(Native Method)
	at sun.reflect.NativeMethodAccessorImpl.invoke(NativeMethodAccessorImpl.java:62)
	at sun.reflect.DelegatingMethodAccessorImpl.invoke(DelegatingMethodAccessorImpl.java:43)
	at java.lang.reflect.Method.invoke(Method.java:498)
	at org.springframework.beans.factory.support.SimpleInstantiationStrategy.instantiate(SimpleInstantiationStrategy.java:154)
	... 75 common frames omitted
Caused by: org.apache.ibatis.builder.BuilderException: Error parsing Mapper XML. The XML location is 'file [D:\ADaDemo\graduation\service\service_main\target\classes\top\weidaboy\servicemain\mapper\xml\TempMapper.xml]'. Cause: org.apache.ibatis.builder.BuilderException: Error resolving class. Cause: org.apache.ibatis.type.TypeException: Could not resolve type alias 'top.weidaboy.servicemain.query.Temp'.  Cause: java.lang.ClassNotFoundException: Cannot find class: top.weidaboy.servicemain.query.Temp
	at org.apache.ibatis.builder.xml.XMLMapperBuilder.configurationElement(XMLMapperBuilder.java:120)
	at org.apache.ibatis.builder.xml.XMLMapperBuilder.parse(XMLMapperBuilder.java:92)
	at com.baomidou.mybatisplus.extension.spring.MybatisSqlSessionFactoryBean.buildSqlSessionFactory(MybatisSqlSessionFactoryBean.java:628)
	... 88 common frames omitted
Caused by: org.apache.ibatis.builder.BuilderException: Error resolving class. Cause: org.apache.ibatis.type.TypeException: Could not resolve type alias 'top.weidaboy.servicemain.query.Temp'.  Cause: java.lang.ClassNotFoundException: Cannot find class: top.weidaboy.servicemain.query.Temp
	at org.apache.ibatis.builder.BaseBuilder.resolveClass(BaseBuilder.java:118)
	at org.apache.ibatis.builder.xml.XMLStatementBuilder.parseStatementNode(XMLStatementBuilder.java:74)
	at org.apache.ibatis.builder.xml.XMLMapperBuilder.buildStatementFromContext(XMLMapperBuilder.java:135)
	at org.apache.ibatis.builder.xml.XMLMapperBuilder.buildStatementFromContext(XMLMapperBuilder.java:128)
	at org.apache.ibatis.builder.xml.XMLMapperBuilder.configurationElement(XMLMapperBuilder.java:118)
	... 90 common frames omitted
Caused by: org.apache.ibatis.type.TypeException: Could not resolve type alias 'top.weidaboy.servicemain.query.Temp'.  Cause: java.lang.ClassNotFoundException: Cannot find class: top.weidaboy.servicemain.query.Temp
	at org.apache.ibatis.type.TypeAliasRegistry.resolveAlias(TypeAliasRegistry.java:120)
	at org.apache.ibatis.builder.BaseBuilder.resolveAlias(BaseBuilder.java:149)
	at org.apache.ibatis.builder.BaseBuilder.resolveClass(BaseBuilder.java:116)
	... 94 common frames omitted
Caused by: java.lang.ClassNotFoundException: Cannot find class: top.weidaboy.servicemain.query.Temp
	at org.apache.ibatis.io.ClassLoaderWrapper.classForName(ClassLoaderWrapper.java:200)
	at org.apache.ibatis.io.ClassLoaderWrapper.classForName(ClassLoaderWrapper.java:89)
	at org.apache.ibatis.io.Resources.classForName(Resources.java:261)
	at org.apache.ibatis.type.TypeAliasRegistry.resolveAlias(TypeAliasRegistry.java:116)
	... 96 common frames omitted
2020-12-28 11:41:58.608 [http-nio-8011-exec-3] ERROR t.w.servicebase.exception.GlobalExceptionHandler - com.netflix.hystrix.exception.HystrixRuntimeException: MSMClient#sendAsyncEmail(String,String,String) failed and no fallback available.
	at com.netflix.hystrix.AbstractCommand$22.call(AbstractCommand.java:822)
	at com.netflix.hystrix.AbstractCommand$22.call(AbstractCommand.java:807)
	at rx.internal.operators.OperatorOnErrorResumeNextViaFunction$4.onError(OperatorOnErrorResumeNextViaFunction.java:140)
	at rx.internal.operators.OnSubscribeDoOnEach$DoOnEachSubscriber.onError(OnSubscribeDoOnEach.java:87)
	at rx.internal.operators.OnSubscribeDoOnEach$DoOnEachSubscriber.onError(OnSubscribeDoOnEach.java:87)
	at com.netflix.hystrix.AbstractCommand$DeprecatedOnFallbackHookApplication$1.onError(AbstractCommand.java:1472)
	at com.netflix.hystrix.AbstractCommand$FallbackHookApplication$1.onError(AbstractCommand.java:1397)
	at rx.internal.operators.OnSubscribeDoOnEach$DoOnEachSubscriber.onError(OnSubscribeDoOnEach.java:87)
	at rx.observers.Subscribers$5.onError(Subscribers.java:230)
	at rx.internal.operators.OnSubscribeThrow.call(OnSubscribeThrow.java:44)
	at rx.internal.operators.OnSubscribeThrow.call(OnSubscribeThrow.java:28)
	at rx.Observable.unsafeSubscribe(Observable.java:10327)
	at rx.internal.operators.OnSubscribeDefer.call(OnSubscribeDefer.java:51)
	at rx.internal.operators.OnSubscribeDefer.call(OnSubscribeDefer.java:35)
	at rx.Observable.unsafeSubscribe(Observable.java:10327)
	at rx.internal.operators.OnSubscribeDoOnEach.call(OnSubscribeDoOnEach.java:41)
	at rx.internal.operators.OnSubscribeDoOnEach.call(OnSubscribeDoOnEach.java:30)
	at rx.internal.operators.OnSubscribeLift.call(OnSubscribeLift.java:48)
	at rx.internal.operators.OnSubscribeLift.call(OnSubscribeLift.java:30)
	at rx.internal.operators.OnSubscribeLift.call(OnSubscribeLift.java:48)
	at rx.internal.operators.OnSubscribeLift.call(OnSubscribeLift.java:30)
	at rx.Observable.unsafeSubscribe(Observable.java:10327)
	at rx.internal.operators.OnSubscribeDoOnEach.call(OnSubscribeDoOnEach.java:41)
	at rx.internal.operators.OnSubscribeDoOnEach.call(OnSubscribeDoOnEach.java:30)
	at rx.Observable.unsafeSubscribe(Observable.java:10327)
	at rx.internal.operators.OnSubscribeDoOnEach.call(OnSubscribeDoOnEach.java:41)
	at rx.internal.operators.OnSubscribeDoOnEach.call(OnSubscribeDoOnEach.java:30)
	at rx.internal.operators.OnSubscribeLift.call(OnSubscribeLift.java:48)
	at rx.internal.operators.OnSubscribeLift.call(OnSubscribeLift.java:30)
	at rx.Observable.unsafeSubscribe(Observable.java:10327)
	at rx.internal.operators.OnSubscribeDoOnEach.call(OnSubscribeDoOnEach.java:41)
	at rx.internal.operators.OnSubscribeDoOnEach.call(OnSubscribeDoOnEach.java:30)
	at rx.internal.operators.OnSubscribeLift.call(OnSubscribeLift.java:48)
	at rx.internal.operators.OnSubscribeLift.call(OnSubscribeLift.java:30)
	at rx.Observable.unsafeSubscribe(Observable.java:10327)
	at rx.internal.operators.OperatorOnErrorResumeNextViaFunction$4.onError(OperatorOnErrorResumeNextViaFunction.java:142)
	at rx.internal.operators.OnSubscribeDoOnEach$DoOnEachSubscriber.onError(OnSubscribeDoOnEach.java:87)
	at rx.internal.operators.OnSubscribeDoOnEach$DoOnEachSubscriber.onError(OnSubscribeDoOnEach.java:87)
	at com.netflix.hystrix.AbstractCommand$HystrixObservableTimeoutOperator$3.onError(AbstractCommand.java:1194)
	at rx.internal.operators.OperatorSubscribeOn$SubscribeOnSubscriber.onError(OperatorSubscribeOn.java:80)
	at rx.observers.Subscribers$5.onError(Subscribers.java:230)
	at rx.internal.operators.OnSubscribeDoOnEach$DoOnEachSubscriber.onError(OnSubscribeDoOnEach.java:87)
	at rx.observers.Subscribers$5.onError(Subscribers.java:230)
	at com.netflix.hystrix.AbstractCommand$DeprecatedOnRunHookApplication$1.onError(AbstractCommand.java:1431)
	at com.netflix.hystrix.AbstractCommand$ExecutionHookApplication$1.onError(AbstractCommand.java:1362)
	at rx.observers.Subscribers$5.onError(Subscribers.java:230)
	at rx.observers.Subscribers$5.onError(Subscribers.java:230)
	at rx.internal.operators.OnSubscribeThrow.call(OnSubscribeThrow.java:44)
	at rx.internal.operators.OnSubscribeThrow.call(OnSubscribeThrow.java:28)
	at rx.Observable.unsafeSubscribe(Observable.java:10327)
	at rx.internal.operators.OnSubscribeDefer.call(OnSubscribeDefer.java:51)
	at rx.internal.operators.OnSubscribeDefer.call(OnSubscribeDefer.java:35)
	at rx.internal.operators.OnSubscribeLift.call(OnSubscribeLift.java:48)
	at rx.internal.operators.OnSubscribeLift.call(OnSubscribeLift.java:30)
	at rx.internal.operators.OnSubscribeLift.call(OnSubscribeLift.java:48)
	at rx.internal.operators.OnSubscribeLift.call(OnSubscribeLift.java:30)
	at rx.internal.operators.OnSubscribeLift.call(OnSubscribeLift.java:48)
	at rx.internal.operators.OnSubscribeLift.call(OnSubscribeLift.java:30)
	at rx.Observable.unsafeSubscribe(Observable.java:10327)
	at rx.internal.operators.OnSubscribeDefer.call(OnSubscribeDefer.java:51)
	at rx.internal.operators.OnSubscribeDefer.call(OnSubscribeDefer.java:35)
	at rx.Observable.unsafeSubscribe(Observable.java:10327)
	at rx.internal.operators.OnSubscribeDoOnEach.call(OnSubscribeDoOnEach.java:41)
	at rx.internal.operators.OnSubscribeDoOnEach.call(OnSubscribeDoOnEach.java:30)
	at rx.internal.operators.OnSubscribeLift.call(OnSubscribeLift.java:48)
	at rx.internal.operators.OnSubscribeLift.call(OnSubscribeLift.java:30)
	at rx.Observable.unsafeSubscribe(Observable.java:10327)
	at rx.internal.operators.OperatorSubscribeOn$SubscribeOnSubscriber.call(OperatorSubscribeOn.java:100)
	at com.netflix.hystrix.strategy.concurrency.HystrixContexSchedulerAction$1.call(HystrixContexSchedulerAction.java:56)
	at com.netflix.hystrix.strategy.concurrency.HystrixContexSchedulerAction$1.call(HystrixContexSchedulerAction.java:47)
	at com.netflix.hystrix.strategy.concurrency.HystrixContexSchedulerAction.call(HystrixContexSchedulerAction.java:69)
	at rx.internal.schedulers.ScheduledAction.run(ScheduledAction.java:55)
	at java.util.concurrent.Executors$RunnableAdapter.call(Executors.java:511)
	at java.util.concurrent.FutureTask.run(FutureTask.java:266)
	at java.util.concurrent.ThreadPoolExecutor.runWorker(ThreadPoolExecutor.java:1149)
	at java.util.concurrent.ThreadPoolExecutor$Worker.run(ThreadPoolExecutor.java:624)
	at java.lang.Thread.run(Thread.java:748)
Caused by: java.lang.RuntimeException: com.netflix.client.ClientException: Load balancer does not have available server for client: service-msm
	at org.springframework.cloud.openfeign.ribbon.LoadBalancerFeignClient.execute(LoadBalancerFeignClient.java:90)
	at feign.SynchronousMethodHandler.executeAndDecode(SynchronousMethodHandler.java:110)
	at feign.SynchronousMethodHandler.invoke(SynchronousMethodHandler.java:80)
	at feign.hystrix.HystrixInvocationHandler$1.run(HystrixInvocationHandler.java:109)
	at com.netflix.hystrix.HystrixCommand$2.call(HystrixCommand.java:302)
	at com.netflix.hystrix.HystrixCommand$2.call(HystrixCommand.java:298)
	at rx.internal.operators.OnSubscribeDefer.call(OnSubscribeDefer.java:46)
	... 26 more
Caused by: com.netflix.client.ClientException: Load balancer does not have available server for client: service-msm
	at com.netflix.loadbalancer.LoadBalancerContext.getServerFromLoadBalancer(LoadBalancerContext.java:483)
	at com.netflix.loadbalancer.reactive.LoadBalancerCommand$1.call(LoadBalancerCommand.java:184)
	at com.netflix.loadbalancer.reactive.LoadBalancerCommand$1.call(LoadBalancerCommand.java:180)
	at rx.Observable.unsafeSubscribe(Observable.java:10327)
	at rx.internal.operators.OnSubscribeConcatMap.call(OnSubscribeConcatMap.java:94)
	at rx.internal.operators.OnSubscribeConcatMap.call(OnSubscribeConcatMap.java:42)
	at rx.Observable.unsafeSubscribe(Observable.java:10327)
	at rx.internal.operators.OperatorRetryWithPredicate$SourceSubscriber$1.call(OperatorRetryWithPredicate.java:127)
	at rx.internal.schedulers.TrampolineScheduler$InnerCurrentThreadScheduler.enqueue(TrampolineScheduler.java:73)
	at rx.internal.schedulers.TrampolineScheduler$InnerCurrentThreadScheduler.schedule(TrampolineScheduler.java:52)
	at rx.internal.operators.OperatorRetryWithPredicate$SourceSubscriber.onNext(OperatorRetryWithPredicate.java:79)
	at rx.internal.operators.OperatorRetryWithPredicate$SourceSubscriber.onNext(OperatorRetryWithPredicate.java:45)
	at rx.internal.util.ScalarSynchronousObservable$WeakSingleProducer.request(ScalarSynchronousObservable.java:276)
	at rx.Subscriber.setProducer(Subscriber.java:209)
	at rx.internal.util.ScalarSynchronousObservable$JustOnSubscribe.call(ScalarSynchronousObservable.java:138)
	at rx.internal.util.ScalarSynchronousObservable$JustOnSubscribe.call(ScalarSynchronousObservable.java:129)
	at rx.internal.operators.OnSubscribeLift.call(OnSubscribeLift.java:48)
	at rx.internal.operators.OnSubscribeLift.call(OnSubscribeLift.java:30)
	at rx.internal.operators.OnSubscribeLift.call(OnSubscribeLift.java:48)
	at rx.internal.operators.OnSubscribeLift.call(OnSubscribeLift.java:30)
	at rx.internal.operators.OnSubscribeLift.call(OnSubscribeLift.java:48)
	at rx.internal.operators.OnSubscribeLift.call(OnSubscribeLift.java:30)
	at rx.Observable.subscribe(Observable.java:10423)
	at rx.Observable.subscribe(Observable.java:10390)
	at rx.observables.BlockingObservable.blockForSingle(BlockingObservable.java:443)
	at rx.observables.BlockingObservable.single(BlockingObservable.java:340)
	at com.netflix.client.AbstractLoadBalancerAwareClient.executeWithLoadBalancer(AbstractLoadBalancerAwareClient.java:112)
	at org.springframework.cloud.openfeign.ribbon.LoadBalancerFeignClient.execute(LoadBalancerFeignClient.java:83)
	... 32 more

2020-12-28 11:52:59.461 [http-nio-8011-exec-1] ERROR t.w.servicebase.exception.GlobalExceptionHandler - com.netflix.hystrix.exception.HystrixRuntimeException: MSMClient#sendAsyncEmail(String,String,String) failed and no fallback available.
	at com.netflix.hystrix.AbstractCommand$22.call(AbstractCommand.java:822)
	at com.netflix.hystrix.AbstractCommand$22.call(AbstractCommand.java:807)
	at rx.internal.operators.OperatorOnErrorResumeNextViaFunction$4.onError(OperatorOnErrorResumeNextViaFunction.java:140)
	at rx.internal.operators.OnSubscribeDoOnEach$DoOnEachSubscriber.onError(OnSubscribeDoOnEach.java:87)
	at rx.internal.operators.OnSubscribeDoOnEach$DoOnEachSubscriber.onError(OnSubscribeDoOnEach.java:87)
	at com.netflix.hystrix.AbstractCommand$DeprecatedOnFallbackHookApplication$1.onError(AbstractCommand.java:1472)
	at com.netflix.hystrix.AbstractCommand$FallbackHookApplication$1.onError(AbstractCommand.java:1397)
	at rx.internal.operators.OnSubscribeDoOnEach$DoOnEachSubscriber.onError(OnSubscribeDoOnEach.java:87)
	at rx.observers.Subscribers$5.onError(Subscribers.java:230)
	at rx.internal.operators.OnSubscribeThrow.call(OnSubscribeThrow.java:44)
	at rx.internal.operators.OnSubscribeThrow.call(OnSubscribeThrow.java:28)
	at rx.Observable.unsafeSubscribe(Observable.java:10327)
	at rx.internal.operators.OnSubscribeDefer.call(OnSubscribeDefer.java:51)
	at rx.internal.operators.OnSubscribeDefer.call(OnSubscribeDefer.java:35)
	at rx.Observable.unsafeSubscribe(Observable.java:10327)
	at rx.internal.operators.OnSubscribeDoOnEach.call(OnSubscribeDoOnEach.java:41)
	at rx.internal.operators.OnSubscribeDoOnEach.call(OnSubscribeDoOnEach.java:30)
	at rx.internal.operators.OnSubscribeLift.call(OnSubscribeLift.java:48)
	at rx.internal.operators.OnSubscribeLift.call(OnSubscribeLift.java:30)
	at rx.internal.operators.OnSubscribeLift.call(OnSubscribeLift.java:48)
	at rx.internal.operators.OnSubscribeLift.call(OnSubscribeLift.java:30)
	at rx.Observable.unsafeSubscribe(Observable.java:10327)
	at rx.internal.operators.OnSubscribeDoOnEach.call(OnSubscribeDoOnEach.java:41)
	at rx.internal.operators.OnSubscribeDoOnEach.call(OnSubscribeDoOnEach.java:30)
	at rx.Observable.unsafeSubscribe(Observable.java:10327)
	at rx.internal.operators.OnSubscribeDoOnEach.call(OnSubscribeDoOnEach.java:41)
	at rx.internal.operators.OnSubscribeDoOnEach.call(OnSubscribeDoOnEach.java:30)
	at rx.internal.operators.OnSubscribeLift.call(OnSubscribeLift.java:48)
	at rx.internal.operators.OnSubscribeLift.call(OnSubscribeLift.java:30)
	at rx.Observable.unsafeSubscribe(Observable.java:10327)
	at rx.internal.operators.OnSubscribeDoOnEach.call(OnSubscribeDoOnEach.java:41)
	at rx.internal.operators.OnSubscribeDoOnEach.call(OnSubscribeDoOnEach.java:30)
	at rx.internal.operators.OnSubscribeLift.call(OnSubscribeLift.java:48)
	at rx.internal.operators.OnSubscribeLift.call(OnSubscribeLift.java:30)
	at rx.Observable.unsafeSubscribe(Observable.java:10327)
	at rx.internal.operators.OperatorOnErrorResumeNextViaFunction$4.onError(OperatorOnErrorResumeNextViaFunction.java:142)
	at rx.internal.operators.OnSubscribeDoOnEach$DoOnEachSubscriber.onError(OnSubscribeDoOnEach.java:87)
	at rx.internal.operators.OnSubscribeDoOnEach$DoOnEachSubscriber.onError(OnSubscribeDoOnEach.java:87)
	at com.netflix.hystrix.AbstractCommand$HystrixObservableTimeoutOperator$3.onError(AbstractCommand.java:1194)
	at rx.internal.operators.OperatorSubscribeOn$SubscribeOnSubscriber.onError(OperatorSubscribeOn.java:80)
	at rx.observers.Subscribers$5.onError(Subscribers.java:230)
	at rx.internal.operators.OnSubscribeDoOnEach$DoOnEachSubscriber.onError(OnSubscribeDoOnEach.java:87)
	at rx.observers.Subscribers$5.onError(Subscribers.java:230)
	at com.netflix.hystrix.AbstractCommand$DeprecatedOnRunHookApplication$1.onError(AbstractCommand.java:1431)
	at com.netflix.hystrix.AbstractCommand$ExecutionHookApplication$1.onError(AbstractCommand.java:1362)
	at rx.observers.Subscribers$5.onError(Subscribers.java:230)
	at rx.observers.Subscribers$5.onError(Subscribers.java:230)
	at rx.internal.operators.OnSubscribeThrow.call(OnSubscribeThrow.java:44)
	at rx.internal.operators.OnSubscribeThrow.call(OnSubscribeThrow.java:28)
	at rx.Observable.unsafeSubscribe(Observable.java:10327)
	at rx.internal.operators.OnSubscribeDefer.call(OnSubscribeDefer.java:51)
	at rx.internal.operators.OnSubscribeDefer.call(OnSubscribeDefer.java:35)
	at rx.internal.operators.OnSubscribeLift.call(OnSubscribeLift.java:48)
	at rx.internal.operators.OnSubscribeLift.call(OnSubscribeLift.java:30)
	at rx.internal.operators.OnSubscribeLift.call(OnSubscribeLift.java:48)
	at rx.internal.operators.OnSubscribeLift.call(OnSubscribeLift.java:30)
	at rx.internal.operators.OnSubscribeLift.call(OnSubscribeLift.java:48)
	at rx.internal.operators.OnSubscribeLift.call(OnSubscribeLift.java:30)
	at rx.Observable.unsafeSubscribe(Observable.java:10327)
	at rx.internal.operators.OnSubscribeDefer.call(OnSubscribeDefer.java:51)
	at rx.internal.operators.OnSubscribeDefer.call(OnSubscribeDefer.java:35)
	at rx.Observable.unsafeSubscribe(Observable.java:10327)
	at rx.internal.operators.OnSubscribeDoOnEach.call(OnSubscribeDoOnEach.java:41)
	at rx.internal.operators.OnSubscribeDoOnEach.call(OnSubscribeDoOnEach.java:30)
	at rx.internal.operators.OnSubscribeLift.call(OnSubscribeLift.java:48)
	at rx.internal.operators.OnSubscribeLift.call(OnSubscribeLift.java:30)
	at rx.Observable.unsafeSubscribe(Observable.java:10327)
	at rx.internal.operators.OperatorSubscribeOn$SubscribeOnSubscriber.call(OperatorSubscribeOn.java:100)
	at com.netflix.hystrix.strategy.concurrency.HystrixContexSchedulerAction$1.call(HystrixContexSchedulerAction.java:56)
	at com.netflix.hystrix.strategy.concurrency.HystrixContexSchedulerAction$1.call(HystrixContexSchedulerAction.java:47)
	at com.netflix.hystrix.strategy.concurrency.HystrixContexSchedulerAction.call(HystrixContexSchedulerAction.java:69)
	at rx.internal.schedulers.ScheduledAction.run(ScheduledAction.java:55)
	at java.util.concurrent.Executors$RunnableAdapter.call(Executors.java:511)
	at java.util.concurrent.FutureTask.run(FutureTask.java:266)
	at java.util.concurrent.ThreadPoolExecutor.runWorker(ThreadPoolExecutor.java:1149)
	at java.util.concurrent.ThreadPoolExecutor$Worker.run(ThreadPoolExecutor.java:624)
	at java.lang.Thread.run(Thread.java:748)
Caused by: java.lang.RuntimeException: com.netflix.client.ClientException: Load balancer does not have available server for client: service-msm
	at org.springframework.cloud.openfeign.ribbon.LoadBalancerFeignClient.execute(LoadBalancerFeignClient.java:90)
	at feign.SynchronousMethodHandler.executeAndDecode(SynchronousMethodHandler.java:110)
	at feign.SynchronousMethodHandler.invoke(SynchronousMethodHandler.java:80)
	at feign.hystrix.HystrixInvocationHandler$1.run(HystrixInvocationHandler.java:109)
	at com.netflix.hystrix.HystrixCommand$2.call(HystrixCommand.java:302)
	at com.netflix.hystrix.HystrixCommand$2.call(HystrixCommand.java:298)
	at rx.internal.operators.OnSubscribeDefer.call(OnSubscribeDefer.java:46)
	... 26 more
Caused by: com.netflix.client.ClientException: Load balancer does not have available server for client: service-msm
	at com.netflix.loadbalancer.LoadBalancerContext.getServerFromLoadBalancer(LoadBalancerContext.java:483)
	at com.netflix.loadbalancer.reactive.LoadBalancerCommand$1.call(LoadBalancerCommand.java:184)
	at com.netflix.loadbalancer.reactive.LoadBalancerCommand$1.call(LoadBalancerCommand.java:180)
	at rx.Observable.unsafeSubscribe(Observable.java:10327)
	at rx.internal.operators.OnSubscribeConcatMap.call(OnSubscribeConcatMap.java:94)
	at rx.internal.operators.OnSubscribeConcatMap.call(OnSubscribeConcatMap.java:42)
	at rx.Observable.unsafeSubscribe(Observable.java:10327)
	at rx.internal.operators.OperatorRetryWithPredicate$SourceSubscriber$1.call(OperatorRetryWithPredicate.java:127)
	at rx.internal.schedulers.TrampolineScheduler$InnerCurrentThreadScheduler.enqueue(TrampolineScheduler.java:73)
	at rx.internal.schedulers.TrampolineScheduler$InnerCurrentThreadScheduler.schedule(TrampolineScheduler.java:52)
	at rx.internal.operators.OperatorRetryWithPredicate$SourceSubscriber.onNext(OperatorRetryWithPredicate.java:79)
	at rx.internal.operators.OperatorRetryWithPredicate$SourceSubscriber.onNext(OperatorRetryWithPredicate.java:45)
	at rx.internal.util.ScalarSynchronousObservable$WeakSingleProducer.request(ScalarSynchronousObservable.java:276)
	at rx.Subscriber.setProducer(Subscriber.java:209)
	at rx.internal.util.ScalarSynchronousObservable$JustOnSubscribe.call(ScalarSynchronousObservable.java:138)
	at rx.internal.util.ScalarSynchronousObservable$JustOnSubscribe.call(ScalarSynchronousObservable.java:129)
	at rx.internal.operators.OnSubscribeLift.call(OnSubscribeLift.java:48)
	at rx.internal.operators.OnSubscribeLift.call(OnSubscribeLift.java:30)
	at rx.internal.operators.OnSubscribeLift.call(OnSubscribeLift.java:48)
	at rx.internal.operators.OnSubscribeLift.call(OnSubscribeLift.java:30)
	at rx.internal.operators.OnSubscribeLift.call(OnSubscribeLift.java:48)
	at rx.internal.operators.OnSubscribeLift.call(OnSubscribeLift.java:30)
	at rx.Observable.subscribe(Observable.java:10423)
	at rx.Observable.subscribe(Observable.java:10390)
	at rx.observables.BlockingObservable.blockForSingle(BlockingObservable.java:443)
	at rx.observables.BlockingObservable.single(BlockingObservable.java:340)
	at com.netflix.client.AbstractLoadBalancerAwareClient.executeWithLoadBalancer(AbstractLoadBalancerAwareClient.java:112)
	at org.springframework.cloud.openfeign.ribbon.LoadBalancerFeignClient.execute(LoadBalancerFeignClient.java:83)
	... 32 more

2020-12-28 11:54:44.566 [http-nio-8011-exec-7] ERROR t.w.servicebase.exception.GlobalExceptionHandler - com.netflix.hystrix.exception.HystrixRuntimeException: MSMClient#sendAsyncEmail(String,String,String) failed and no fallback available.
	at com.netflix.hystrix.AbstractCommand$22.call(AbstractCommand.java:822)
	at com.netflix.hystrix.AbstractCommand$22.call(AbstractCommand.java:807)
	at rx.internal.operators.OperatorOnErrorResumeNextViaFunction$4.onError(OperatorOnErrorResumeNextViaFunction.java:140)
	at rx.internal.operators.OnSubscribeDoOnEach$DoOnEachSubscriber.onError(OnSubscribeDoOnEach.java:87)
	at rx.internal.operators.OnSubscribeDoOnEach$DoOnEachSubscriber.onError(OnSubscribeDoOnEach.java:87)
	at com.netflix.hystrix.AbstractCommand$DeprecatedOnFallbackHookApplication$1.onError(AbstractCommand.java:1472)
	at com.netflix.hystrix.AbstractCommand$FallbackHookApplication$1.onError(AbstractCommand.java:1397)
	at rx.internal.operators.OnSubscribeDoOnEach$DoOnEachSubscriber.onError(OnSubscribeDoOnEach.java:87)
	at rx.observers.Subscribers$5.onError(Subscribers.java:230)
	at rx.internal.operators.OnSubscribeThrow.call(OnSubscribeThrow.java:44)
	at rx.internal.operators.OnSubscribeThrow.call(OnSubscribeThrow.java:28)
	at rx.Observable.unsafeSubscribe(Observable.java:10327)
	at rx.internal.operators.OnSubscribeDefer.call(OnSubscribeDefer.java:51)
	at rx.internal.operators.OnSubscribeDefer.call(OnSubscribeDefer.java:35)
	at rx.Observable.unsafeSubscribe(Observable.java:10327)
	at rx.internal.operators.OnSubscribeDoOnEach.call(OnSubscribeDoOnEach.java:41)
	at rx.internal.operators.OnSubscribeDoOnEach.call(OnSubscribeDoOnEach.java:30)
	at rx.internal.operators.OnSubscribeLift.call(OnSubscribeLift.java:48)
	at rx.internal.operators.OnSubscribeLift.call(OnSubscribeLift.java:30)
	at rx.internal.operators.OnSubscribeLift.call(OnSubscribeLift.java:48)
	at rx.internal.operators.OnSubscribeLift.call(OnSubscribeLift.java:30)
	at rx.Observable.unsafeSubscribe(Observable.java:10327)
	at rx.internal.operators.OnSubscribeDoOnEach.call(OnSubscribeDoOnEach.java:41)
	at rx.internal.operators.OnSubscribeDoOnEach.call(OnSubscribeDoOnEach.java:30)
	at rx.Observable.unsafeSubscribe(Observable.java:10327)
	at rx.internal.operators.OnSubscribeDoOnEach.call(OnSubscribeDoOnEach.java:41)
	at rx.internal.operators.OnSubscribeDoOnEach.call(OnSubscribeDoOnEach.java:30)
	at rx.internal.operators.OnSubscribeLift.call(OnSubscribeLift.java:48)
	at rx.internal.operators.OnSubscribeLift.call(OnSubscribeLift.java:30)
	at rx.Observable.unsafeSubscribe(Observable.java:10327)
	at rx.internal.operators.OnSubscribeDoOnEach.call(OnSubscribeDoOnEach.java:41)
	at rx.internal.operators.OnSubscribeDoOnEach.call(OnSubscribeDoOnEach.java:30)
	at rx.internal.operators.OnSubscribeLift.call(OnSubscribeLift.java:48)
	at rx.internal.operators.OnSubscribeLift.call(OnSubscribeLift.java:30)
	at rx.Observable.unsafeSubscribe(Observable.java:10327)
	at rx.internal.operators.OperatorOnErrorResumeNextViaFunction$4.onError(OperatorOnErrorResumeNextViaFunction.java:142)
	at rx.internal.operators.OnSubscribeDoOnEach$DoOnEachSubscriber.onError(OnSubscribeDoOnEach.java:87)
	at rx.internal.operators.OnSubscribeDoOnEach$DoOnEachSubscriber.onError(OnSubscribeDoOnEach.java:87)
	at com.netflix.hystrix.AbstractCommand$HystrixObservableTimeoutOperator$3.onError(AbstractCommand.java:1194)
	at rx.internal.operators.OperatorSubscribeOn$SubscribeOnSubscriber.onError(OperatorSubscribeOn.java:80)
	at rx.observers.Subscribers$5.onError(Subscribers.java:230)
	at rx.internal.operators.OnSubscribeDoOnEach$DoOnEachSubscriber.onError(OnSubscribeDoOnEach.java:87)
	at rx.observers.Subscribers$5.onError(Subscribers.java:230)
	at com.netflix.hystrix.AbstractCommand$DeprecatedOnRunHookApplication$1.onError(AbstractCommand.java:1431)
	at com.netflix.hystrix.AbstractCommand$ExecutionHookApplication$1.onError(AbstractCommand.java:1362)
	at rx.observers.Subscribers$5.onError(Subscribers.java:230)
	at rx.observers.Subscribers$5.onError(Subscribers.java:230)
	at rx.internal.operators.OnSubscribeThrow.call(OnSubscribeThrow.java:44)
	at rx.internal.operators.OnSubscribeThrow.call(OnSubscribeThrow.java:28)
	at rx.Observable.unsafeSubscribe(Observable.java:10327)
	at rx.internal.operators.OnSubscribeDefer.call(OnSubscribeDefer.java:51)
	at rx.internal.operators.OnSubscribeDefer.call(OnSubscribeDefer.java:35)
	at rx.internal.operators.OnSubscribeLift.call(OnSubscribeLift.java:48)
	at rx.internal.operators.OnSubscribeLift.call(OnSubscribeLift.java:30)
	at rx.internal.operators.OnSubscribeLift.call(OnSubscribeLift.java:48)
	at rx.internal.operators.OnSubscribeLift.call(OnSubscribeLift.java:30)
	at rx.internal.operators.OnSubscribeLift.call(OnSubscribeLift.java:48)
	at rx.internal.operators.OnSubscribeLift.call(OnSubscribeLift.java:30)
	at rx.Observable.unsafeSubscribe(Observable.java:10327)
	at rx.internal.operators.OnSubscribeDefer.call(OnSubscribeDefer.java:51)
	at rx.internal.operators.OnSubscribeDefer.call(OnSubscribeDefer.java:35)
	at rx.Observable.unsafeSubscribe(Observable.java:10327)
	at rx.internal.operators.OnSubscribeDoOnEach.call(OnSubscribeDoOnEach.java:41)
	at rx.internal.operators.OnSubscribeDoOnEach.call(OnSubscribeDoOnEach.java:30)
	at rx.internal.operators.OnSubscribeLift.call(OnSubscribeLift.java:48)
	at rx.internal.operators.OnSubscribeLift.call(OnSubscribeLift.java:30)
	at rx.Observable.unsafeSubscribe(Observable.java:10327)
	at rx.internal.operators.OperatorSubscribeOn$SubscribeOnSubscriber.call(OperatorSubscribeOn.java:100)
	at com.netflix.hystrix.strategy.concurrency.HystrixContexSchedulerAction$1.call(HystrixContexSchedulerAction.java:56)
	at com.netflix.hystrix.strategy.concurrency.HystrixContexSchedulerAction$1.call(HystrixContexSchedulerAction.java:47)
	at com.netflix.hystrix.strategy.concurrency.HystrixContexSchedulerAction.call(HystrixContexSchedulerAction.java:69)
	at rx.internal.schedulers.ScheduledAction.run(ScheduledAction.java:55)
	at java.util.concurrent.Executors$RunnableAdapter.call(Executors.java:511)
	at java.util.concurrent.FutureTask.run(FutureTask.java:266)
	at java.util.concurrent.ThreadPoolExecutor.runWorker(ThreadPoolExecutor.java:1149)
	at java.util.concurrent.ThreadPoolExecutor$Worker.run(ThreadPoolExecutor.java:624)
	at java.lang.Thread.run(Thread.java:748)
Caused by: java.lang.RuntimeException: com.netflix.client.ClientException: Load balancer does not have available server for client: service-msm
	at org.springframework.cloud.openfeign.ribbon.LoadBalancerFeignClient.execute(LoadBalancerFeignClient.java:90)
	at feign.SynchronousMethodHandler.executeAndDecode(SynchronousMethodHandler.java:110)
	at feign.SynchronousMethodHandler.invoke(SynchronousMethodHandler.java:80)
	at feign.hystrix.HystrixInvocationHandler$1.run(HystrixInvocationHandler.java:109)
	at com.netflix.hystrix.HystrixCommand$2.call(HystrixCommand.java:302)
	at com.netflix.hystrix.HystrixCommand$2.call(HystrixCommand.java:298)
	at rx.internal.operators.OnSubscribeDefer.call(OnSubscribeDefer.java:46)
	... 26 more
Caused by: com.netflix.client.ClientException: Load balancer does not have available server for client: service-msm
	at com.netflix.loadbalancer.LoadBalancerContext.getServerFromLoadBalancer(LoadBalancerContext.java:483)
	at com.netflix.loadbalancer.reactive.LoadBalancerCommand$1.call(LoadBalancerCommand.java:184)
	at com.netflix.loadbalancer.reactive.LoadBalancerCommand$1.call(LoadBalancerCommand.java:180)
	at rx.Observable.unsafeSubscribe(Observable.java:10327)
	at rx.internal.operators.OnSubscribeConcatMap.call(OnSubscribeConcatMap.java:94)
	at rx.internal.operators.OnSubscribeConcatMap.call(OnSubscribeConcatMap.java:42)
	at rx.Observable.unsafeSubscribe(Observable.java:10327)
	at rx.internal.operators.OperatorRetryWithPredicate$SourceSubscriber$1.call(OperatorRetryWithPredicate.java:127)
	at rx.internal.schedulers.TrampolineScheduler$InnerCurrentThreadScheduler.enqueue(TrampolineScheduler.java:73)
	at rx.internal.schedulers.TrampolineScheduler$InnerCurrentThreadScheduler.schedule(TrampolineScheduler.java:52)
	at rx.internal.operators.OperatorRetryWithPredicate$SourceSubscriber.onNext(OperatorRetryWithPredicate.java:79)
	at rx.internal.operators.OperatorRetryWithPredicate$SourceSubscriber.onNext(OperatorRetryWithPredicate.java:45)
	at rx.internal.util.ScalarSynchronousObservable$WeakSingleProducer.request(ScalarSynchronousObservable.java:276)
	at rx.Subscriber.setProducer(Subscriber.java:209)
	at rx.internal.util.ScalarSynchronousObservable$JustOnSubscribe.call(ScalarSynchronousObservable.java:138)
	at rx.internal.util.ScalarSynchronousObservable$JustOnSubscribe.call(ScalarSynchronousObservable.java:129)
	at rx.internal.operators.OnSubscribeLift.call(OnSubscribeLift.java:48)
	at rx.internal.operators.OnSubscribeLift.call(OnSubscribeLift.java:30)
	at rx.internal.operators.OnSubscribeLift.call(OnSubscribeLift.java:48)
	at rx.internal.operators.OnSubscribeLift.call(OnSubscribeLift.java:30)
	at rx.internal.operators.OnSubscribeLift.call(OnSubscribeLift.java:48)
	at rx.internal.operators.OnSubscribeLift.call(OnSubscribeLift.java:30)
	at rx.Observable.subscribe(Observable.java:10423)
	at rx.Observable.subscribe(Observable.java:10390)
	at rx.observables.BlockingObservable.blockForSingle(BlockingObservable.java:443)
	at rx.observables.BlockingObservable.single(BlockingObservable.java:340)
	at com.netflix.client.AbstractLoadBalancerAwareClient.executeWithLoadBalancer(AbstractLoadBalancerAwareClient.java:112)
	at org.springframework.cloud.openfeign.ribbon.LoadBalancerFeignClient.execute(LoadBalancerFeignClient.java:83)
	... 32 more

2020-12-28 11:56:17.595 [http-nio-8011-exec-4] ERROR t.w.servicebase.exception.GlobalExceptionHandler - com.netflix.hystrix.exception.HystrixRuntimeException: MSMClient#sendAsyncEmail(String,String,String) failed and no fallback available.
	at com.netflix.hystrix.AbstractCommand$22.call(AbstractCommand.java:822)
	at com.netflix.hystrix.AbstractCommand$22.call(AbstractCommand.java:807)
	at rx.internal.operators.OperatorOnErrorResumeNextViaFunction$4.onError(OperatorOnErrorResumeNextViaFunction.java:140)
	at rx.internal.operators.OnSubscribeDoOnEach$DoOnEachSubscriber.onError(OnSubscribeDoOnEach.java:87)
	at rx.internal.operators.OnSubscribeDoOnEach$DoOnEachSubscriber.onError(OnSubscribeDoOnEach.java:87)
	at com.netflix.hystrix.AbstractCommand$DeprecatedOnFallbackHookApplication$1.onError(AbstractCommand.java:1472)
	at com.netflix.hystrix.AbstractCommand$FallbackHookApplication$1.onError(AbstractCommand.java:1397)
	at rx.internal.operators.OnSubscribeDoOnEach$DoOnEachSubscriber.onError(OnSubscribeDoOnEach.java:87)
	at rx.observers.Subscribers$5.onError(Subscribers.java:230)
	at rx.internal.operators.OnSubscribeThrow.call(OnSubscribeThrow.java:44)
	at rx.internal.operators.OnSubscribeThrow.call(OnSubscribeThrow.java:28)
	at rx.Observable.unsafeSubscribe(Observable.java:10327)
	at rx.internal.operators.OnSubscribeDefer.call(OnSubscribeDefer.java:51)
	at rx.internal.operators.OnSubscribeDefer.call(OnSubscribeDefer.java:35)
	at rx.Observable.unsafeSubscribe(Observable.java:10327)
	at rx.internal.operators.OnSubscribeDoOnEach.call(OnSubscribeDoOnEach.java:41)
	at rx.internal.operators.OnSubscribeDoOnEach.call(OnSubscribeDoOnEach.java:30)
	at rx.internal.operators.OnSubscribeLift.call(OnSubscribeLift.java:48)
	at rx.internal.operators.OnSubscribeLift.call(OnSubscribeLift.java:30)
	at rx.internal.operators.OnSubscribeLift.call(OnSubscribeLift.java:48)
	at rx.internal.operators.OnSubscribeLift.call(OnSubscribeLift.java:30)
	at rx.Observable.unsafeSubscribe(Observable.java:10327)
	at rx.internal.operators.OnSubscribeDoOnEach.call(OnSubscribeDoOnEach.java:41)
	at rx.internal.operators.OnSubscribeDoOnEach.call(OnSubscribeDoOnEach.java:30)
	at rx.Observable.unsafeSubscribe(Observable.java:10327)
	at rx.internal.operators.OnSubscribeDoOnEach.call(OnSubscribeDoOnEach.java:41)
	at rx.internal.operators.OnSubscribeDoOnEach.call(OnSubscribeDoOnEach.java:30)
	at rx.internal.operators.OnSubscribeLift.call(OnSubscribeLift.java:48)
	at rx.internal.operators.OnSubscribeLift.call(OnSubscribeLift.java:30)
	at rx.Observable.unsafeSubscribe(Observable.java:10327)
	at rx.internal.operators.OnSubscribeDoOnEach.call(OnSubscribeDoOnEach.java:41)
	at rx.internal.operators.OnSubscribeDoOnEach.call(OnSubscribeDoOnEach.java:30)
	at rx.internal.operators.OnSubscribeLift.call(OnSubscribeLift.java:48)
	at rx.internal.operators.OnSubscribeLift.call(OnSubscribeLift.java:30)
	at rx.Observable.unsafeSubscribe(Observable.java:10327)
	at rx.internal.operators.OperatorOnErrorResumeNextViaFunction$4.onError(OperatorOnErrorResumeNextViaFunction.java:142)
	at rx.internal.operators.OnSubscribeDoOnEach$DoOnEachSubscriber.onError(OnSubscribeDoOnEach.java:87)
	at rx.internal.operators.OnSubscribeDoOnEach$DoOnEachSubscriber.onError(OnSubscribeDoOnEach.java:87)
	at com.netflix.hystrix.AbstractCommand$HystrixObservableTimeoutOperator$3.onError(AbstractCommand.java:1194)
	at rx.internal.operators.OperatorSubscribeOn$SubscribeOnSubscriber.onError(OperatorSubscribeOn.java:80)
	at rx.observers.Subscribers$5.onError(Subscribers.java:230)
	at rx.internal.operators.OnSubscribeDoOnEach$DoOnEachSubscriber.onError(OnSubscribeDoOnEach.java:87)
	at rx.observers.Subscribers$5.onError(Subscribers.java:230)
	at com.netflix.hystrix.AbstractCommand$DeprecatedOnRunHookApplication$1.onError(AbstractCommand.java:1431)
	at com.netflix.hystrix.AbstractCommand$ExecutionHookApplication$1.onError(AbstractCommand.java:1362)
	at rx.observers.Subscribers$5.onError(Subscribers.java:230)
	at rx.observers.Subscribers$5.onError(Subscribers.java:230)
	at rx.internal.operators.OnSubscribeThrow.call(OnSubscribeThrow.java:44)
	at rx.internal.operators.OnSubscribeThrow.call(OnSubscribeThrow.java:28)
	at rx.Observable.unsafeSubscribe(Observable.java:10327)
	at rx.internal.operators.OnSubscribeDefer.call(OnSubscribeDefer.java:51)
	at rx.internal.operators.OnSubscribeDefer.call(OnSubscribeDefer.java:35)
	at rx.internal.operators.OnSubscribeLift.call(OnSubscribeLift.java:48)
	at rx.internal.operators.OnSubscribeLift.call(OnSubscribeLift.java:30)
	at rx.internal.operators.OnSubscribeLift.call(OnSubscribeLift.java:48)
	at rx.internal.operators.OnSubscribeLift.call(OnSubscribeLift.java:30)
	at rx.internal.operators.OnSubscribeLift.call(OnSubscribeLift.java:48)
	at rx.internal.operators.OnSubscribeLift.call(OnSubscribeLift.java:30)
	at rx.Observable.unsafeSubscribe(Observable.java:10327)
	at rx.internal.operators.OnSubscribeDefer.call(OnSubscribeDefer.java:51)
	at rx.internal.operators.OnSubscribeDefer.call(OnSubscribeDefer.java:35)
	at rx.Observable.unsafeSubscribe(Observable.java:10327)
	at rx.internal.operators.OnSubscribeDoOnEach.call(OnSubscribeDoOnEach.java:41)
	at rx.internal.operators.OnSubscribeDoOnEach.call(OnSubscribeDoOnEach.java:30)
	at rx.internal.operators.OnSubscribeLift.call(OnSubscribeLift.java:48)
	at rx.internal.operators.OnSubscribeLift.call(OnSubscribeLift.java:30)
	at rx.Observable.unsafeSubscribe(Observable.java:10327)
	at rx.internal.operators.OperatorSubscribeOn$SubscribeOnSubscriber.call(OperatorSubscribeOn.java:100)
	at com.netflix.hystrix.strategy.concurrency.HystrixContexSchedulerAction$1.call(HystrixContexSchedulerAction.java:56)
	at com.netflix.hystrix.strategy.concurrency.HystrixContexSchedulerAction$1.call(HystrixContexSchedulerAction.java:47)
	at com.netflix.hystrix.strategy.concurrency.HystrixContexSchedulerAction.call(HystrixContexSchedulerAction.java:69)
	at rx.internal.schedulers.ScheduledAction.run(ScheduledAction.java:55)
	at java.util.concurrent.Executors$RunnableAdapter.call(Executors.java:511)
	at java.util.concurrent.FutureTask.run(FutureTask.java:266)
	at java.util.concurrent.ThreadPoolExecutor.runWorker(ThreadPoolExecutor.java:1149)
	at java.util.concurrent.ThreadPoolExecutor$Worker.run(ThreadPoolExecutor.java:624)
	at java.lang.Thread.run(Thread.java:748)
Caused by: java.lang.RuntimeException: com.netflix.client.ClientException: Load balancer does not have available server for client: service-msm
	at org.springframework.cloud.openfeign.ribbon.LoadBalancerFeignClient.execute(LoadBalancerFeignClient.java:90)
	at feign.SynchronousMethodHandler.executeAndDecode(SynchronousMethodHandler.java:110)
	at feign.SynchronousMethodHandler.invoke(SynchronousMethodHandler.java:80)
	at feign.hystrix.HystrixInvocationHandler$1.run(HystrixInvocationHandler.java:109)
	at com.netflix.hystrix.HystrixCommand$2.call(HystrixCommand.java:302)
	at com.netflix.hystrix.HystrixCommand$2.call(HystrixCommand.java:298)
	at rx.internal.operators.OnSubscribeDefer.call(OnSubscribeDefer.java:46)
	... 26 more
Caused by: com.netflix.client.ClientException: Load balancer does not have available server for client: service-msm
	at com.netflix.loadbalancer.LoadBalancerContext.getServerFromLoadBalancer(LoadBalancerContext.java:483)
	at com.netflix.loadbalancer.reactive.LoadBalancerCommand$1.call(LoadBalancerCommand.java:184)
	at com.netflix.loadbalancer.reactive.LoadBalancerCommand$1.call(LoadBalancerCommand.java:180)
	at rx.Observable.unsafeSubscribe(Observable.java:10327)
	at rx.internal.operators.OnSubscribeConcatMap.call(OnSubscribeConcatMap.java:94)
	at rx.internal.operators.OnSubscribeConcatMap.call(OnSubscribeConcatMap.java:42)
	at rx.Observable.unsafeSubscribe(Observable.java:10327)
	at rx.internal.operators.OperatorRetryWithPredicate$SourceSubscriber$1.call(OperatorRetryWithPredicate.java:127)
	at rx.internal.schedulers.TrampolineScheduler$InnerCurrentThreadScheduler.enqueue(TrampolineScheduler.java:73)
	at rx.internal.schedulers.TrampolineScheduler$InnerCurrentThreadScheduler.schedule(TrampolineScheduler.java:52)
	at rx.internal.operators.OperatorRetryWithPredicate$SourceSubscriber.onNext(OperatorRetryWithPredicate.java:79)
	at rx.internal.operators.OperatorRetryWithPredicate$SourceSubscriber.onNext(OperatorRetryWithPredicate.java:45)
	at rx.internal.util.ScalarSynchronousObservable$WeakSingleProducer.request(ScalarSynchronousObservable.java:276)
	at rx.Subscriber.setProducer(Subscriber.java:209)
	at rx.internal.util.ScalarSynchronousObservable$JustOnSubscribe.call(ScalarSynchronousObservable.java:138)
	at rx.internal.util.ScalarSynchronousObservable$JustOnSubscribe.call(ScalarSynchronousObservable.java:129)
	at rx.internal.operators.OnSubscribeLift.call(OnSubscribeLift.java:48)
	at rx.internal.operators.OnSubscribeLift.call(OnSubscribeLift.java:30)
	at rx.internal.operators.OnSubscribeLift.call(OnSubscribeLift.java:48)
	at rx.internal.operators.OnSubscribeLift.call(OnSubscribeLift.java:30)
	at rx.internal.operators.OnSubscribeLift.call(OnSubscribeLift.java:48)
	at rx.internal.operators.OnSubscribeLift.call(OnSubscribeLift.java:30)
	at rx.Observable.subscribe(Observable.java:10423)
	at rx.Observable.subscribe(Observable.java:10390)
	at rx.observables.BlockingObservable.blockForSingle(BlockingObservable.java:443)
	at rx.observables.BlockingObservable.single(BlockingObservable.java:340)
	at com.netflix.client.AbstractLoadBalancerAwareClient.executeWithLoadBalancer(AbstractLoadBalancerAwareClient.java:112)
	at org.springframework.cloud.openfeign.ribbon.LoadBalancerFeignClient.execute(LoadBalancerFeignClient.java:83)
	... 32 more

2020-12-28 11:57:15.602 [http-nio-8011-exec-6] ERROR t.w.servicebase.exception.GlobalExceptionHandler - com.netflix.hystrix.exception.HystrixRuntimeException: MSMClient#sendAsyncEmail(String,String,String) failed and no fallback available.
	at com.netflix.hystrix.AbstractCommand$22.call(AbstractCommand.java:822)
	at com.netflix.hystrix.AbstractCommand$22.call(AbstractCommand.java:807)
	at rx.internal.operators.OperatorOnErrorResumeNextViaFunction$4.onError(OperatorOnErrorResumeNextViaFunction.java:140)
	at rx.internal.operators.OnSubscribeDoOnEach$DoOnEachSubscriber.onError(OnSubscribeDoOnEach.java:87)
	at rx.internal.operators.OnSubscribeDoOnEach$DoOnEachSubscriber.onError(OnSubscribeDoOnEach.java:87)
	at com.netflix.hystrix.AbstractCommand$DeprecatedOnFallbackHookApplication$1.onError(AbstractCommand.java:1472)
	at com.netflix.hystrix.AbstractCommand$FallbackHookApplication$1.onError(AbstractCommand.java:1397)
	at rx.internal.operators.OnSubscribeDoOnEach$DoOnEachSubscriber.onError(OnSubscribeDoOnEach.java:87)
	at rx.observers.Subscribers$5.onError(Subscribers.java:230)
	at rx.internal.operators.OnSubscribeThrow.call(OnSubscribeThrow.java:44)
	at rx.internal.operators.OnSubscribeThrow.call(OnSubscribeThrow.java:28)
	at rx.Observable.unsafeSubscribe(Observable.java:10327)
	at rx.internal.operators.OnSubscribeDefer.call(OnSubscribeDefer.java:51)
	at rx.internal.operators.OnSubscribeDefer.call(OnSubscribeDefer.java:35)
	at rx.Observable.unsafeSubscribe(Observable.java:10327)
	at rx.internal.operators.OnSubscribeDoOnEach.call(OnSubscribeDoOnEach.java:41)
	at rx.internal.operators.OnSubscribeDoOnEach.call(OnSubscribeDoOnEach.java:30)
	at rx.internal.operators.OnSubscribeLift.call(OnSubscribeLift.java:48)
	at rx.internal.operators.OnSubscribeLift.call(OnSubscribeLift.java:30)
	at rx.internal.operators.OnSubscribeLift.call(OnSubscribeLift.java:48)
	at rx.internal.operators.OnSubscribeLift.call(OnSubscribeLift.java:30)
	at rx.Observable.unsafeSubscribe(Observable.java:10327)
	at rx.internal.operators.OnSubscribeDoOnEach.call(OnSubscribeDoOnEach.java:41)
	at rx.internal.operators.OnSubscribeDoOnEach.call(OnSubscribeDoOnEach.java:30)
	at rx.Observable.unsafeSubscribe(Observable.java:10327)
	at rx.internal.operators.OnSubscribeDoOnEach.call(OnSubscribeDoOnEach.java:41)
	at rx.internal.operators.OnSubscribeDoOnEach.call(OnSubscribeDoOnEach.java:30)
	at rx.internal.operators.OnSubscribeLift.call(OnSubscribeLift.java:48)
	at rx.internal.operators.OnSubscribeLift.call(OnSubscribeLift.java:30)
	at rx.Observable.unsafeSubscribe(Observable.java:10327)
	at rx.internal.operators.OnSubscribeDoOnEach.call(OnSubscribeDoOnEach.java:41)
	at rx.internal.operators.OnSubscribeDoOnEach.call(OnSubscribeDoOnEach.java:30)
	at rx.internal.operators.OnSubscribeLift.call(OnSubscribeLift.java:48)
	at rx.internal.operators.OnSubscribeLift.call(OnSubscribeLift.java:30)
	at rx.Observable.unsafeSubscribe(Observable.java:10327)
	at rx.internal.operators.OperatorOnErrorResumeNextViaFunction$4.onError(OperatorOnErrorResumeNextViaFunction.java:142)
	at rx.internal.operators.OnSubscribeDoOnEach$DoOnEachSubscriber.onError(OnSubscribeDoOnEach.java:87)
	at rx.internal.operators.OnSubscribeDoOnEach$DoOnEachSubscriber.onError(OnSubscribeDoOnEach.java:87)
	at com.netflix.hystrix.AbstractCommand$HystrixObservableTimeoutOperator$3.onError(AbstractCommand.java:1194)
	at rx.internal.operators.OperatorSubscribeOn$SubscribeOnSubscriber.onError(OperatorSubscribeOn.java:80)
	at rx.observers.Subscribers$5.onError(Subscribers.java:230)
	at rx.internal.operators.OnSubscribeDoOnEach$DoOnEachSubscriber.onError(OnSubscribeDoOnEach.java:87)
	at rx.observers.Subscribers$5.onError(Subscribers.java:230)
	at com.netflix.hystrix.AbstractCommand$DeprecatedOnRunHookApplication$1.onError(AbstractCommand.java:1431)
	at com.netflix.hystrix.AbstractCommand$ExecutionHookApplication$1.onError(AbstractCommand.java:1362)
	at rx.observers.Subscribers$5.onError(Subscribers.java:230)
	at rx.observers.Subscribers$5.onError(Subscribers.java:230)
	at rx.internal.operators.OnSubscribeThrow.call(OnSubscribeThrow.java:44)
	at rx.internal.operators.OnSubscribeThrow.call(OnSubscribeThrow.java:28)
	at rx.Observable.unsafeSubscribe(Observable.java:10327)
	at rx.internal.operators.OnSubscribeDefer.call(OnSubscribeDefer.java:51)
	at rx.internal.operators.OnSubscribeDefer.call(OnSubscribeDefer.java:35)
	at rx.internal.operators.OnSubscribeLift.call(OnSubscribeLift.java:48)
	at rx.internal.operators.OnSubscribeLift.call(OnSubscribeLift.java:30)
	at rx.internal.operators.OnSubscribeLift.call(OnSubscribeLift.java:48)
	at rx.internal.operators.OnSubscribeLift.call(OnSubscribeLift.java:30)
	at rx.internal.operators.OnSubscribeLift.call(OnSubscribeLift.java:48)
	at rx.internal.operators.OnSubscribeLift.call(OnSubscribeLift.java:30)
	at rx.Observable.unsafeSubscribe(Observable.java:10327)
	at rx.internal.operators.OnSubscribeDefer.call(OnSubscribeDefer.java:51)
	at rx.internal.operators.OnSubscribeDefer.call(OnSubscribeDefer.java:35)
	at rx.Observable.unsafeSubscribe(Observable.java:10327)
	at rx.internal.operators.OnSubscribeDoOnEach.call(OnSubscribeDoOnEach.java:41)
	at rx.internal.operators.OnSubscribeDoOnEach.call(OnSubscribeDoOnEach.java:30)
	at rx.internal.operators.OnSubscribeLift.call(OnSubscribeLift.java:48)
	at rx.internal.operators.OnSubscribeLift.call(OnSubscribeLift.java:30)
	at rx.Observable.unsafeSubscribe(Observable.java:10327)
	at rx.internal.operators.OperatorSubscribeOn$SubscribeOnSubscriber.call(OperatorSubscribeOn.java:100)
	at com.netflix.hystrix.strategy.concurrency.HystrixContexSchedulerAction$1.call(HystrixContexSchedulerAction.java:56)
	at com.netflix.hystrix.strategy.concurrency.HystrixContexSchedulerAction$1.call(HystrixContexSchedulerAction.java:47)
	at com.netflix.hystrix.strategy.concurrency.HystrixContexSchedulerAction.call(HystrixContexSchedulerAction.java:69)
	at rx.internal.schedulers.ScheduledAction.run(ScheduledAction.java:55)
	at java.util.concurrent.Executors$RunnableAdapter.call(Executors.java:511)
	at java.util.concurrent.FutureTask.run(FutureTask.java:266)
	at java.util.concurrent.ThreadPoolExecutor.runWorker(ThreadPoolExecutor.java:1149)
	at java.util.concurrent.ThreadPoolExecutor$Worker.run(ThreadPoolExecutor.java:624)
	at java.lang.Thread.run(Thread.java:748)
Caused by: java.lang.RuntimeException: com.netflix.client.ClientException: Load balancer does not have available server for client: service-msm
	at org.springframework.cloud.openfeign.ribbon.LoadBalancerFeignClient.execute(LoadBalancerFeignClient.java:90)
	at feign.SynchronousMethodHandler.executeAndDecode(SynchronousMethodHandler.java:110)
	at feign.SynchronousMethodHandler.invoke(SynchronousMethodHandler.java:80)
	at feign.hystrix.HystrixInvocationHandler$1.run(HystrixInvocationHandler.java:109)
	at com.netflix.hystrix.HystrixCommand$2.call(HystrixCommand.java:302)
	at com.netflix.hystrix.HystrixCommand$2.call(HystrixCommand.java:298)
	at rx.internal.operators.OnSubscribeDefer.call(OnSubscribeDefer.java:46)
	... 26 more
Caused by: com.netflix.client.ClientException: Load balancer does not have available server for client: service-msm
	at com.netflix.loadbalancer.LoadBalancerContext.getServerFromLoadBalancer(LoadBalancerContext.java:483)
	at com.netflix.loadbalancer.reactive.LoadBalancerCommand$1.call(LoadBalancerCommand.java:184)
	at com.netflix.loadbalancer.reactive.LoadBalancerCommand$1.call(LoadBalancerCommand.java:180)
	at rx.Observable.unsafeSubscribe(Observable.java:10327)
	at rx.internal.operators.OnSubscribeConcatMap.call(OnSubscribeConcatMap.java:94)
	at rx.internal.operators.OnSubscribeConcatMap.call(OnSubscribeConcatMap.java:42)
	at rx.Observable.unsafeSubscribe(Observable.java:10327)
	at rx.internal.operators.OperatorRetryWithPredicate$SourceSubscriber$1.call(OperatorRetryWithPredicate.java:127)
	at rx.internal.schedulers.TrampolineScheduler$InnerCurrentThreadScheduler.enqueue(TrampolineScheduler.java:73)
	at rx.internal.schedulers.TrampolineScheduler$InnerCurrentThreadScheduler.schedule(TrampolineScheduler.java:52)
	at rx.internal.operators.OperatorRetryWithPredicate$SourceSubscriber.onNext(OperatorRetryWithPredicate.java:79)
	at rx.internal.operators.OperatorRetryWithPredicate$SourceSubscriber.onNext(OperatorRetryWithPredicate.java:45)
	at rx.internal.util.ScalarSynchronousObservable$WeakSingleProducer.request(ScalarSynchronousObservable.java:276)
	at rx.Subscriber.setProducer(Subscriber.java:209)
	at rx.internal.util.ScalarSynchronousObservable$JustOnSubscribe.call(ScalarSynchronousObservable.java:138)
	at rx.internal.util.ScalarSynchronousObservable$JustOnSubscribe.call(ScalarSynchronousObservable.java:129)
	at rx.internal.operators.OnSubscribeLift.call(OnSubscribeLift.java:48)
	at rx.internal.operators.OnSubscribeLift.call(OnSubscribeLift.java:30)
	at rx.internal.operators.OnSubscribeLift.call(OnSubscribeLift.java:48)
	at rx.internal.operators.OnSubscribeLift.call(OnSubscribeLift.java:30)
	at rx.internal.operators.OnSubscribeLift.call(OnSubscribeLift.java:48)
	at rx.internal.operators.OnSubscribeLift.call(OnSubscribeLift.java:30)
	at rx.Observable.subscribe(Observable.java:10423)
	at rx.Observable.subscribe(Observable.java:10390)
	at rx.observables.BlockingObservable.blockForSingle(BlockingObservable.java:443)
	at rx.observables.BlockingObservable.single(BlockingObservable.java:340)
	at com.netflix.client.AbstractLoadBalancerAwareClient.executeWithLoadBalancer(AbstractLoadBalancerAwareClient.java:112)
	at org.springframework.cloud.openfeign.ribbon.LoadBalancerFeignClient.execute(LoadBalancerFeignClient.java:83)
	... 32 more

